Log file open, 10/13/19 19:59:59
LogWindows: Failed to load 'aqProf.dll' (GetLastError=126)
LogWindows: File 'aqProf.dll' does not exist
LogWindows: Failed to load 'VtuneApi.dll' (GetLastError=126)
LogWindows: File 'VtuneApi.dll' does not exist
LogWindows: Failed to load 'VtuneApi32e.dll' (GetLastError=126)
LogWindows: File 'VtuneApi32e.dll' does not exist
LogConsoleResponse: Display: Failed to find resolution value strings in scalability ini. Falling back to default.
LogInit: Display: Running engine for game: Midstone
LogPlatformFile: Not using cached read wrapper
LogTaskGraph: Started task graph with 5 named threads and 23 total threads with 3 sets of task threads.
LogStats: Stats thread started at 0.103153
LogD3D11RHI: Loaded GFSDK_Aftermath_Lib.x64.dll
LogICUInternationalization: ICU TimeZone Detection - Raw Offset: -5:00, Platform Override: ''
LogPluginManager: Mounting plugin Paper2D
LogPluginManager: Mounting plugin AISupport
LogPluginManager: Mounting plugin LightPropagationVolume
LogPluginManager: Mounting plugin ActorLayerUtilities
LogPluginManager: Mounting plugin AnimationSharing
LogPluginManager: Mounting plugin CLionSourceCodeAccess
LogPluginManager: Mounting plugin CodeLiteSourceCodeAccess
LogPluginManager: Mounting plugin GitSourceControl
LogPluginManager: Mounting plugin KDevelopSourceCodeAccess
LogPluginManager: Mounting plugin NullSourceCodeAccess
LogPluginManager: Mounting plugin PerforceSourceControl
LogPluginManager: Mounting plugin SubversionSourceControl
LogPluginManager: Mounting plugin UObjectPlugin
LogPluginManager: Mounting plugin VisualStudioCodeSourceCodeAccess
LogPluginManager: Mounting plugin VisualStudioSourceCodeAccess
LogPluginManager: Mounting plugin XCodeSourceCodeAccess
LogPluginManager: Mounting plugin AssetManagerEditor
LogPluginManager: Mounting plugin CryptoKeys
LogPluginManager: Mounting plugin CurveEditorTools
LogPluginManager: Mounting plugin DataValidation
LogPluginManager: Mounting plugin FacialAnimation
LogPluginManager: Mounting plugin GameplayTagsEditor
LogPluginManager: Mounting plugin MacGraphicsSwitching
LogPluginManager: Mounting plugin MaterialAnalyzer
LogPluginManager: Mounting plugin MobileLauncherProfileWizard
LogPluginManager: Mounting plugin PluginBrowser
LogPluginManager: Mounting plugin SpeedTreeImporter
LogPluginManager: Mounting plugin DatasmithContent
LogPluginManager: Mounting plugin VariantManagerContent
LogPluginManager: Mounting plugin AlembicImporter
LogPluginManager: Mounting plugin AutomationUtils
LogPluginManager: Mounting plugin BackChannel
LogPluginManager: Mounting plugin CharacterAI
LogPluginManager: Mounting plugin GeometryCache
LogPluginManager: Mounting plugin HTML5Networking
LogPluginManager: Mounting plugin PlatformCrypto
LogPluginManager: Mounting plugin ProxyLODPlugin
LogPluginManager: Mounting plugin SkeletalReduction
LogPluginManager: Mounting plugin Niagara
LogPluginManager: Mounting plugin NiagaraExtras
LogPluginManager: Mounting plugin MagicLeap
LogPluginManager: Mounting plugin MagicLeapMedia
LogPluginManager: Mounting plugin AndroidMedia
LogPluginManager: Mounting plugin AvfMedia
LogPluginManager: Mounting plugin ImgMedia
LogPluginManager: Mounting plugin MediaCompositing
LogPluginManager: Mounting plugin MediaPlayerEditor
LogPluginManager: Mounting plugin WebMMedia
LogPluginManager: Mounting plugin WmfMedia
LogPluginManager: Mounting plugin TcpMessaging
LogPluginManager: Mounting plugin UdpMessaging
LogPluginManager: Mounting plugin ActorSequence
LogPluginManager: Mounting plugin LevelSequenceEditor
LogPluginManager: Mounting plugin MatineeToLevelSequence
LogPluginManager: Mounting plugin NetcodeUnitTest
LogPluginManager: Mounting plugin NUTUnrealEngine4
LogPluginManager: Mounting plugin OnlineSubsystemGooglePlay
LogPluginManager: Mounting plugin OnlineSubsystemIOS
LogPluginManager: Mounting plugin OnlineSubsystem
LogPluginManager: Mounting plugin OnlineSubsystemNull
LogPluginManager: Mounting plugin OnlineSubsystemUtils
LogPluginManager: Mounting plugin LauncherChunkInstaller
LogPluginManager: Mounting plugin AndroidDeviceProfileSelector
LogPluginManager: Mounting plugin AndroidMoviePlayer
LogPluginManager: Mounting plugin AndroidPermission
LogPluginManager: Mounting plugin AppleImageUtils
LogPluginManager: Mounting plugin AppleMoviePlayer
LogPluginManager: Mounting plugin ArchVisCharacter
LogPluginManager: Mounting plugin AudioCapture
LogPluginManager: Mounting plugin CableComponent
LogPluginManager: Mounting plugin CustomMeshComponent
LogPluginManager: Mounting plugin EditableMesh
LogPluginManager: Mounting plugin ExampleDeviceProfileSelector
LogPluginManager: Mounting plugin GoogleCloudMessaging
LogPluginManager: Mounting plugin IOSDeviceProfileSelector
LogPluginManager: Mounting plugin LinuxDeviceProfileSelector
LogPluginManager: Mounting plugin LocationServicesBPLibrary
LogPluginManager: Mounting plugin MobilePatchingUtils
LogPluginManager: Mounting plugin OculusVR
LogPluginManager: Mounting plugin PhysXVehicles
LogPluginManager: Mounting plugin ProceduralMeshComponent
LogPluginManager: Mounting plugin RuntimePhysXCooking
LogPluginManager: Mounting plugin SignificanceManager
LogPluginManager: Mounting plugin SteamVR
LogPluginManager: Mounting plugin WebMMoviePlayer
LogPluginManager: Mounting plugin WindowsMoviePlayer
LogPluginManager: Mounting plugin ScreenshotTools
LogInit: Using libcurl 7.55.1-DEV
LogInit:  - built for x86_64-pc-win32
LogInit:  - supports SSL with OpenSSL/1.1.1
LogInit:  - supports HTTP deflate (compression) using libz 1.2.8
LogInit:  - other features:
LogInit:      CURL_VERSION_SSL
LogInit:      CURL_VERSION_LIBZ
LogInit:      CURL_VERSION_IPV6
LogInit:      CURL_VERSION_ASYNCHDNS
LogInit:      CURL_VERSION_LARGEFILE
LogInit:      CURL_VERSION_IDN
LogInit:  CurlRequestOptions (configurable via config and command line):
LogInit:  - bVerifyPeer = true  - Libcurl will verify peer certificate
LogInit:  - bUseHttpProxy = false  - Libcurl will NOT use HTTP proxy
LogInit:  - bDontReuseConnections = false  - Libcurl will reuse connections
LogInit:  - MaxHostConnections = 16  - Libcurl will limit the number of connections to a host
LogInit:  - LocalHostAddr = Default
LogInit:  - BufferSize = 65536
LogOnline: OSS: Creating online subsystem instance for: NULL
LogInit: WinSock: version 1.1 (2.2), MaxSocks=32767, MaxUdp=65467
LogInit: Build: ++UE4+Release-4.23-CL-8386587
LogInit: Engine Version: 4.23.0-8386587+++UE4+Release-4.23
LogInit: Compatible Engine Version: 4.23.0-8386587+++UE4+Release-4.23
LogInit: Net CL: 8386587
LogInit: OS: Windows 10 (Release 1809) (), CPU: Intel(R) Core(TM) i7-7700HQ CPU @ 2.80GHz, GPU: Intel(R) HD Graphics 630
LogInit: Compiled (64-bit): Aug 31 2019 02:04:44
LogInit: Compiled with Visual C++: 19.16.27030.01
LogInit: Build Configuration: Development
LogInit: Branch Name: ++UE4+Release-4.23
LogInit: Command Line:  -EpicPortal -epicusername=docdodo -epicuserid=ffbd1d302be94469aa72c29a09ea8a3b -epiclocale=en-US
LogInit: Base Directory: C:/Program Files/Epic Games/UE_4.23/Engine/Binaries/Win64/
LogInit: Installed Engine Build: 1
LogDevObjectVersion: Number of dev versions registered: 23
LogDevObjectVersion:   Dev-Blueprints (B0D832E4-1F89-4F0D-ACCF-7EB736FD4AA2): 10
LogDevObjectVersion:   Dev-Build (E1C64328-A22C-4D53-A36C-8E866417BD8C): 0
LogDevObjectVersion:   Dev-Core (375EC13C-06E4-48FB-B500-84F0262A717E): 3
LogDevObjectVersion:   Dev-Editor (E4B068ED-F494-42E9-A231-DA0B2E46BB41): 34
LogDevObjectVersion:   Dev-Framework (CFFC743F-43B0-4480-9391-14DF171D2073): 35
LogDevObjectVersion:   Dev-Mobile (B02B49B5-BB20-44E9-A304-32B752E40360): 2
LogDevObjectVersion:   Dev-Networking (A4E4105C-59A1-49B5-A7C5-40C4547EDFEE): 0
LogDevObjectVersion:   Dev-Online (39C831C9-5AE6-47DC-9A44-9C173E1C8E7C): 0
LogDevObjectVersion:   Dev-Physics (78F01B33-EBEA-4F98-B9B4-84EACCB95AA2): 0
LogDevObjectVersion:   Dev-Platform (6631380F-2D4D-43E0-8009-CF276956A95A): 0
LogDevObjectVersion:   Dev-Rendering (12F88B9F-8875-4AFC-A67C-D90C383ABD29): 31
LogDevObjectVersion:   Dev-Sequencer (7B5AE74C-D270-4C10-A958-57980B212A5A): 11
LogDevObjectVersion:   Dev-VR (D7296918-1DD6-4BDD-9DE2-64A83CC13884): 2
LogDevObjectVersion:   Dev-LoadTimes (C2A15278-BFE7-4AFE-6C17-90FF531DF755): 1
LogDevObjectVersion:   Private-Geometry (6EACA3D4-40EC-4CC1-B786-8BED09428FC5): 3
LogDevObjectVersion:   Dev-AnimPhys (29E575DD-E0A3-4627-9D10-D276232CDCEA): 17
LogDevObjectVersion:   Dev-Anim (AF43A65D-7FD3-4947-9873-3E8ED9C1BB05): 2
LogDevObjectVersion:   Dev-ReflectionCapture (6B266CEC-1EC7-4B8F-A30B-E4D90942FC07): 1
LogDevObjectVersion:   Dev-Automation (0DF73D61-A23F-47EA-B727-89E90C41499A): 1
LogDevObjectVersion:   FortniteMain (601D1886-AC64-4F84-AA16-D3DE0DEAC7D6): 27
LogDevObjectVersion:   Dev-Enterprise (9DFFBCD6-494F-0158-E221-12823C92A888): 6
LogDevObjectVersion:   Dev-Niagara (F2AED0AC-9AFE-416F-8664-AA7FFA26D6FC): 1
LogDevObjectVersion:   Dev-Destruction (174F1F0B-B4C6-45A5-B13F-2EE8D0FB917D): 9
LogInit: Presizing for max 16777216 objects, including 0 objects not considered by GC, pre-allocating 0 bytes for permanent pool.
LogInit: Object subsystem initialized
LogConfig: Setting CVar [[con.DebugEarlyDefault:1]]
LogConfig: Setting CVar [[r.setres:1280x720]]
[2019.10.13-23.59.59:949][  0]LogConfig: Setting CVar [[r.VSync:0]]
[2019.10.13-23.59.59:949][  0]LogConfig: Setting CVar [[r.RHICmdBypass:0]]
[2019.10.13-23.59.59:949][  0]LogConfig: Applying CVar settings from Section [/Script/Engine.RendererSettings] File [C:/Users/rober/Desktop/College/GameJam2019/Midstone_unreal/Midstone/Saved/Config/Windows/Engine.ini]
[2019.10.13-23.59.59:949][  0]LogConfig: Setting CVar [[r.GPUCrashDebugging:0]]
[2019.10.13-23.59.59:949][  0]LogConfig: Applying CVar settings from Section [/Script/Engine.RendererOverrideSettings] File [C:/Users/rober/Desktop/College/GameJam2019/Midstone_unreal/Midstone/Saved/Config/Windows/Engine.ini]
[2019.10.13-23.59.59:949][  0]LogConfig: Applying CVar settings from Section [/Script/Engine.StreamingSettings] File [C:/Users/rober/Desktop/College/GameJam2019/Midstone_unreal/Midstone/Saved/Config/Windows/Engine.ini]
[2019.10.13-23.59.59:949][  0]LogConfig: Setting CVar [[s.MinBulkDataSizeForAsyncLoading:131072]]
[2019.10.13-23.59.59:949][  0]LogConfig: Setting CVar [[s.AsyncLoadingThreadEnabled:0]]
[2019.10.13-23.59.59:949][  0]LogConfig: Setting CVar [[s.EventDrivenLoaderEnabled:1]]
[2019.10.13-23.59.59:949][  0]LogConfig: Setting CVar [[s.WarnIfTimeLimitExceeded:0]]
[2019.10.13-23.59.59:949][  0]LogConfig: Setting CVar [[s.TimeLimitExceededMultiplier:1.5]]
[2019.10.13-23.59.59:949][  0]LogConfig: Setting CVar [[s.TimeLimitExceededMinTime:0.005]]
[2019.10.13-23.59.59:949][  0]LogConfig: Setting CVar [[s.UseBackgroundLevelStreaming:1]]
[2019.10.13-23.59.59:949][  0]LogConfig: Setting CVar [[s.PriorityAsyncLoadingExtraTime:15.0]]
[2019.10.13-23.59.59:949][  0]LogConfig: Setting CVar [[s.LevelStreamingActorsUpdateTimeLimit:5.0]]
[2019.10.13-23.59.59:949][  0]LogConfig: Setting CVar [[s.PriorityLevelStreamingActorsUpdateExtraTime:5.0]]
[2019.10.13-23.59.59:949][  0]LogConfig: Setting CVar [[s.LevelStreamingComponentsRegistrationGranularity:10]]
[2019.10.13-23.59.59:949][  0]LogConfig: Setting CVar [[s.UnregisterComponentsTimeLimit:1.0]]
[2019.10.13-23.59.59:949][  0]LogConfig: Setting CVar [[s.LevelStreamingComponentsUnregistrationGranularity:5]]
[2019.10.13-23.59.59:949][  0]LogConfig: Applying CVar settings from Section [/Script/Engine.GarbageCollectionSettings] File [C:/Users/rober/Desktop/College/GameJam2019/Midstone_unreal/Midstone/Saved/Config/Windows/Engine.ini]
[2019.10.13-23.59.59:949][  0]LogConfig: Setting CVar [[gc.MaxObjectsNotConsideredByGC:1]]
[2019.10.13-23.59.59:949][  0]LogConfig: Setting CVar [[gc.SizeOfPermanentObjectPool:0]]
[2019.10.13-23.59.59:949][  0]LogConfig: Setting CVar [[gc.FlushStreamingOnGC:0]]
[2019.10.13-23.59.59:949][  0]LogConfig: Setting CVar [[gc.NumRetriesBeforeForcingGC:10]]
[2019.10.13-23.59.59:949][  0]LogConfig: Setting CVar [[gc.AllowParallelGC:1]]
[2019.10.13-23.59.59:949][  0]LogConfig: Setting CVar [[gc.TimeBetweenPurgingPendingKillObjects:61.1]]
[2019.10.13-23.59.59:949][  0]LogConfig: Setting CVar [[gc.MaxObjectsInEditor:16777216]]
[2019.10.13-23.59.59:949][  0]LogConfig: Setting CVar [[gc.IncrementalBeginDestroyEnabled:1]]
[2019.10.13-23.59.59:949][  0]LogConfig: Setting CVar [[gc.CreateGCClusters:1]]
[2019.10.13-23.59.59:949][  0]LogConfig: Setting CVar [[gc.MinGCClusterSize:5]]
[2019.10.13-23.59.59:949][  0]LogConfig: Setting CVar [[gc.ActorClusteringEnabled:0]]
[2019.10.13-23.59.59:949][  0]LogConfig: Setting CVar [[gc.BlueprintClusteringEnabled:0]]
[2019.10.13-23.59.59:949][  0]LogConfig: Setting CVar [[gc.UseDisregardForGCOnDedicatedServers:0]]
[2019.10.13-23.59.59:949][  0]LogConfig: Applying CVar settings from Section [/Script/Engine.NetworkSettings] File [C:/Users/rober/Desktop/College/GameJam2019/Midstone_unreal/Midstone/Saved/Config/Windows/Engine.ini]
[2019.10.13-23.59.59:949][  0]LogConfig: Applying CVar settings from Section [/Script/UnrealEd.CookerSettings] File [C:/Users/rober/Desktop/College/GameJam2019/Midstone_unreal/Midstone/Saved/Config/Windows/Engine.ini]
[2019.10.13-23.59.59:954][  0]LogConfig: Applying CVar settings from Section [ViewDistanceQuality@3] File [C:/Users/rober/Desktop/College/GameJam2019/Midstone_unreal/Midstone/Saved/Config/Windows/Scalability.ini]
[2019.10.13-23.59.59:954][  0]LogConfig: Setting CVar [[r.SkeletalMeshLODBias:0]]
[2019.10.13-23.59.59:954][  0]LogConfig: Setting CVar [[r.ViewDistanceScale:1.0]]
[2019.10.13-23.59.59:954][  0]LogConfig: Applying CVar settings from Section [AntiAliasingQuality@3] File [C:/Users/rober/Desktop/College/GameJam2019/Midstone_unreal/Midstone/Saved/Config/Windows/Scalability.ini]
[2019.10.13-23.59.59:954][  0]LogConfig: Setting CVar [[r.PostProcessAAQuality:4]]
[2019.10.13-23.59.59:954][  0]LogConfig: Applying CVar settings from Section [ShadowQuality@3] File [C:/Users/rober/Desktop/College/GameJam2019/Midstone_unreal/Midstone/Saved/Config/Windows/Scalability.ini]
[2019.10.13-23.59.59:954][  0]LogConfig: Setting CVar [[r.LightFunctionQuality:1]]
[2019.10.13-23.59.59:954][  0]LogConfig: Setting CVar [[r.ShadowQuality:5]]
[2019.10.13-23.59.59:954][  0]LogConfig: Setting CVar [[r.Shadow.CSM.MaxCascades:10]]
[2019.10.13-23.59.59:954][  0]LogConfig: Setting CVar [[r.Shadow.MaxResolution:2048]]
[2019.10.13-23.59.59:954][  0]LogConfig: Setting CVar [[r.Shadow.MaxCSMResolution:2048]]
[2019.10.13-23.59.59:954][  0]LogConfig: Setting CVar [[r.Shadow.RadiusThreshold:0.01]]
[2019.10.13-23.59.59:954][  0]LogConfig: Setting CVar [[r.Shadow.DistanceScale:1.0]]
[2019.10.13-23.59.59:954][  0]LogConfig: Setting CVar [[r.Shadow.CSM.TransitionScale:1.0]]
[2019.10.13-23.59.59:954][  0]LogConfig: Setting CVar [[r.Shadow.PreShadowResolutionFactor:1.0]]
[2019.10.13-23.59.59:954][  0]LogConfig: Setting CVar [[r.DistanceFieldShadowing:1]]
[2019.10.13-23.59.59:954][  0]LogConfig: Setting CVar [[r.DistanceFieldAO:1]]
[2019.10.13-23.59.59:954][  0]LogConfig: Setting CVar [[r.AOQuality:2]]
[2019.10.13-23.59.59:954][  0]LogConfig: Setting CVar [[r.VolumetricFog:1]]
[2019.10.13-23.59.59:954][  0]LogConfig: Setting CVar [[r.VolumetricFog.GridPixelSize:8]]
[2019.10.13-23.59.59:954][  0]LogConfig: Setting CVar [[r.VolumetricFog.GridSizeZ:128]]
[2019.10.13-23.59.59:954][  0]LogConfig: Setting CVar [[r.VolumetricFog.HistoryMissSupersampleCount:4]]
[2019.10.13-23.59.59:954][  0]LogConfig: Setting CVar [[r.LightMaxDrawDistanceScale:1]]
[2019.10.13-23.59.59:954][  0]LogConfig: Setting CVar [[r.CapsuleShadows:1]]
[2019.10.13-23.59.59:954][  0]LogConfig: Applying CVar settings from Section [PostProcessQuality@3] File [C:/Users/rober/Desktop/College/GameJam2019/Midstone_unreal/Midstone/Saved/Config/Windows/Scalability.ini]
[2019.10.13-23.59.59:954][  0]LogConfig: Setting CVar [[r.MotionBlurQuality:4]]
[2019.10.13-23.59.59:954][  0]LogConfig: Setting CVar [[r.AmbientOcclusionMipLevelFactor:0.4]]
[2019.10.13-23.59.59:954][  0]LogConfig: Setting CVar [[r.AmbientOcclusionMaxQuality:100]]
[2019.10.13-23.59.59:954][  0]LogConfig: Setting CVar [[r.AmbientOcclusionLevels:-1]]
[2019.10.13-23.59.59:954][  0]LogConfig: Setting CVar [[r.AmbientOcclusionRadiusScale:1.0]]
[2019.10.13-23.59.59:954][  0]LogConfig: Setting CVar [[r.DepthOfFieldQuality:2]]
[2019.10.13-23.59.59:954][  0]LogConfig: Setting CVar [[r.RenderTargetPoolMin:400]]
[2019.10.13-23.59.59:954][  0]LogConfig: Setting CVar [[r.LensFlareQuality:2]]
[2019.10.13-23.59.59:954][  0]LogConfig: Setting CVar [[r.SceneColorFringeQuality:1]]
[2019.10.13-23.59.59:954][  0]LogConfig: Setting CVar [[r.EyeAdaptationQuality:2]]
[2019.10.13-23.59.59:954][  0]LogConfig: Setting CVar [[r.BloomQuality:5]]
[2019.10.13-23.59.59:954][  0]LogConfig: Setting CVar [[r.FastBlurThreshold:100]]
[2019.10.13-23.59.59:954][  0]LogConfig: Setting CVar [[r.Upscale.Quality:3]]
[2019.10.13-23.59.59:954][  0]LogConfig: Setting CVar [[r.Tonemapper.GrainQuantization:1]]
[2019.10.13-23.59.59:954][  0]LogConfig: Setting CVar [[r.LightShaftQuality:1]]
[2019.10.13-23.59.59:954][  0]LogConfig: Setting CVar [[r.Filter.SizeScale:1]]
[2019.10.13-23.59.59:954][  0]LogConfig: Setting CVar [[r.Tonemapper.Quality:5]]
[2019.10.13-23.59.59:954][  0]LogConfig: Setting CVar [[r.DOF.Gather.AccumulatorQuality:1        ; higher gathering accumulator quality]]
[2019.10.13-23.59.59:954][  0]LogConfig: Setting CVar [[r.DOF.Gather.PostfilterMethod:1          ; Median3x3 postfilering method]]
[2019.10.13-23.59.59:954][  0]LogConfig: Setting CVar [[r.DOF.Gather.EnableBokehSettings:0       ; no bokeh simulation when gathering]]
[2019.10.13-23.59.59:954][  0]LogConfig: Setting CVar [[r.DOF.Gather.RingCount:4                 ; medium number of samples when gathering]]
[2019.10.13-23.59.59:954][  0]LogConfig: Setting CVar [[r.DOF.Scatter.ForegroundCompositing:1    ; additive foreground scattering]]
[2019.10.13-23.59.59:954][  0]LogConfig: Setting CVar [[r.DOF.Scatter.BackgroundCompositing:2    ; additive background scattering]]
[2019.10.13-23.59.59:954][  0]LogConfig: Setting CVar [[r.DOF.Scatter.EnableBokehSettings:1      ; bokeh simulation when scattering]]
[2019.10.13-23.59.59:954][  0]LogConfig: Setting CVar [[r.DOF.Scatter.MaxSpriteRatio:0.1         ; only a maximum of 10% of scattered bokeh]]
[2019.10.13-23.59.59:954][  0]LogConfig: Setting CVar [[r.DOF.Recombine.Quality:1                ; cheap slight out of focus]]
[2019.10.13-23.59.59:954][  0]LogConfig: Setting CVar [[r.DOF.Recombine.EnableBokehSettings:0    ; no bokeh simulation on slight out of focus]]
[2019.10.13-23.59.59:954][  0]LogConfig: Setting CVar [[r.DOF.TemporalAAQuality:1                ; more stable temporal accumulation]]
[2019.10.13-23.59.59:954][  0]LogConfig: Setting CVar [[r.DOF.Kernel.MaxForegroundRadius:0.025]]
[2019.10.13-23.59.59:954][  0]LogConfig: Setting CVar [[r.DOF.Kernel.MaxBackgroundRadius:0.025]]
[2019.10.13-23.59.59:954][  0]LogConfig: Applying CVar settings from Section [TextureQuality@3] File [C:/Users/rober/Desktop/College/GameJam2019/Midstone_unreal/Midstone/Saved/Config/Windows/Scalability.ini]
[2019.10.13-23.59.59:954][  0]LogConfig: Setting CVar [[r.Streaming.MipBias:0]]
[2019.10.13-23.59.59:954][  0]LogConfig: Setting CVar [[r.Streaming.AmortizeCPUToGPUCopy:0]]
[2019.10.13-23.59.59:954][  0]LogConfig: Setting CVar [[r.Streaming.MaxNumTexturesToStreamPerFrame:0]]
[2019.10.13-23.59.59:954][  0]LogConfig: Setting CVar [[r.Streaming.Boost:1]]
[2019.10.13-23.59.59:954][  0]LogConfig: Setting CVar [[r.MaxAnisotropy:8]]
[2019.10.13-23.59.59:954][  0]LogConfig: Setting CVar [[r.Streaming.LimitPoolSizeToVRAM:0]]
[2019.10.13-23.59.59:954][  0]LogConfig: Setting CVar [[r.Streaming.PoolSize:1000]]
[2019.10.13-23.59.59:954][  0]LogConfig: Setting CVar [[r.Streaming.MaxEffectiveScreenSize:0]]
[2019.10.13-23.59.59:954][  0]LogConfig: Applying CVar settings from Section [EffectsQuality@3] File [C:/Users/rober/Desktop/College/GameJam2019/Midstone_unreal/Midstone/Saved/Config/Windows/Scalability.ini]
[2019.10.13-23.59.59:955][  0]LogConfig: Setting CVar [[r.TranslucencyLightingVolumeDim:64]]
[2019.10.13-23.59.59:955][  0]LogConfig: Setting CVar [[r.RefractionQuality:2]]
[2019.10.13-23.59.59:955][  0]LogConfig: Setting CVar [[r.SSR.Quality:3]]
[2019.10.13-23.59.59:955][  0]LogConfig: Setting CVar [[r.SceneColorFormat:4]]
[2019.10.13-23.59.59:955][  0]LogConfig: Setting CVar [[r.DetailMode:2]]
[2019.10.13-23.59.59:955][  0]LogConfig: Setting CVar [[r.TranslucencyVolumeBlur:1]]
[2019.10.13-23.59.59:955][  0]LogConfig: Setting CVar [[r.MaterialQualityLevel:1 ; High quality]]
[2019.10.13-23.59.59:955][  0]LogConfig: Setting CVar [[r.SSS.Scale:1]]
[2019.10.13-23.59.59:955][  0]LogConfig: Setting CVar [[r.SSS.SampleSet:2]]
[2019.10.13-23.59.59:955][  0]LogConfig: Setting CVar [[r.SSS.Quality:1]]
[2019.10.13-23.59.59:955][  0]LogConfig: Setting CVar [[r.SSS.HalfRes:1]]
[2019.10.13-23.59.59:955][  0]LogConfig: Setting CVar [[r.EmitterSpawnRateScale:1.0]]
[2019.10.13-23.59.59:955][  0]LogConfig: Setting CVar [[r.ParticleLightQuality:2]]
[2019.10.13-23.59.59:955][  0]LogConfig: Applying CVar settings from Section [FoliageQuality@3] File [C:/Users/rober/Desktop/College/GameJam2019/Midstone_unreal/Midstone/Saved/Config/Windows/Scalability.ini]
[2019.10.13-23.59.59:955][  0]LogConfig: Setting CVar [[foliage.DensityScale:1.0]]
[2019.10.13-23.59.59:955][  0]LogConfig: Setting CVar [[grass.DensityScale:1.0]]
[2019.10.13-23.59.59:955][  0]LogInit: Selected Device Profile: [Windows]
[2019.10.13-23.59.59:955][  0]LogInit: Applying CVar settings loaded from the selected device profile: [Windows]
[2019.10.13-23.59.59:957][  0]LogHAL: Display: Platform has ~ 12 GB [12763230208 / 17179869184 / 12], which maps to Larger [LargestMinGB=32, LargerMinGB=12, DefaultMinGB=8, SmallerMinGB=6, SmallestMinGB=0)
[2019.10.13-23.59.59:957][  0]LogInit: Going up to parent DeviceProfile []
[2019.10.13-23.59.59:957][  0]LogConfig: Applying CVar settings from Section [ViewDistanceQuality@1] File [C:/Users/rober/Desktop/College/GameJam2019/Midstone_unreal/Midstone/Saved/Config/Windows/Scalability.ini]
[2019.10.13-23.59.59:957][  0]LogConfig: Setting CVar [[r.SkeletalMeshLODBias:1]]
[2019.10.13-23.59.59:957][  0]LogConfig: Setting CVar [[r.ViewDistanceScale:0.6]]
[2019.10.13-23.59.59:957][  0]LogConfig: Applying CVar settings from Section [AntiAliasingQuality@1] File [C:/Users/rober/Desktop/College/GameJam2019/Midstone_unreal/Midstone/Saved/Config/Windows/Scalability.ini]
[2019.10.13-23.59.59:957][  0]LogConfig: Setting CVar [[r.PostProcessAAQuality:2]]
[2019.10.13-23.59.59:957][  0]LogConfig: Applying CVar settings from Section [ShadowQuality@1] File [C:/Users/rober/Desktop/College/GameJam2019/Midstone_unreal/Midstone/Saved/Config/Windows/Scalability.ini]
[2019.10.13-23.59.59:957][  0]LogConfig: Setting CVar [[r.LightFunctionQuality:1]]
[2019.10.13-23.59.59:957][  0]LogConfig: Setting CVar [[r.ShadowQuality:3]]
[2019.10.13-23.59.59:957][  0]LogConfig: Setting CVar [[r.Shadow.CSM.MaxCascades:1]]
[2019.10.13-23.59.59:957][  0]LogConfig: Setting CVar [[r.Shadow.MaxResolution:1024]]
[2019.10.13-23.59.59:957][  0]LogConfig: Setting CVar [[r.Shadow.MaxCSMResolution:1024]]
[2019.10.13-23.59.59:957][  0]LogConfig: Setting CVar [[r.Shadow.RadiusThreshold:0.05]]
[2019.10.13-23.59.59:957][  0]LogConfig: Setting CVar [[r.Shadow.DistanceScale:0.7]]
[2019.10.13-23.59.59:958][  0]LogConfig: Setting CVar [[r.Shadow.CSM.TransitionScale:0.25]]
[2019.10.13-23.59.59:958][  0]LogConfig: Setting CVar [[r.Shadow.PreShadowResolutionFactor:0.5]]
[2019.10.13-23.59.59:958][  0]LogConfig: Setting CVar [[r.DistanceFieldShadowing:0]]
[2019.10.13-23.59.59:958][  0]LogConfig: Setting CVar [[r.DistanceFieldAO:0]]
[2019.10.13-23.59.59:958][  0]LogConfig: Setting CVar [[r.VolumetricFog:0]]
[2019.10.13-23.59.59:958][  0]LogConfig: Setting CVar [[r.LightMaxDrawDistanceScale:.5]]
[2019.10.13-23.59.59:958][  0]LogConfig: Setting CVar [[r.CapsuleShadows:1]]
[2019.10.13-23.59.59:958][  0]LogConfig: Applying CVar settings from Section [PostProcessQuality@1] File [C:/Users/rober/Desktop/College/GameJam2019/Midstone_unreal/Midstone/Saved/Config/Windows/Scalability.ini]
[2019.10.13-23.59.59:958][  0]LogConfig: Setting CVar [[r.MotionBlurQuality:3]]
[2019.10.13-23.59.59:958][  0]LogConfig: Setting CVar [[r.AmbientOcclusionMipLevelFactor:1.0]]
[2019.10.13-23.59.59:958][  0]LogConfig: Setting CVar [[r.AmbientOcclusionMaxQuality:60]]
[2019.10.13-23.59.59:958][  0]LogConfig: Setting CVar [[r.AmbientOcclusionLevels:-1]]
[2019.10.13-23.59.59:958][  0]LogConfig: Setting CVar [[r.AmbientOcclusionRadiusScale:1.5]]
[2019.10.13-23.59.59:958][  0]LogConfig: Setting CVar [[r.DepthOfFieldQuality:1]]
[2019.10.13-23.59.59:958][  0]LogConfig: Setting CVar [[r.RenderTargetPoolMin:350]]
[2019.10.13-23.59.59:958][  0]LogConfig: Setting CVar [[r.LensFlareQuality:0]]
[2019.10.13-23.59.59:958][  0]LogConfig: Setting CVar [[r.SceneColorFringeQuality:0]]
[2019.10.13-23.59.59:958][  0]LogConfig: Setting CVar [[r.EyeAdaptationQuality:0]]
[2019.10.13-23.59.59:958][  0]LogConfig: Setting CVar [[r.BloomQuality:4]]
[2019.10.13-23.59.59:958][  0]LogConfig: Setting CVar [[r.FastBlurThreshold:2]]
[2019.10.13-23.59.59:958][  0]LogConfig: Setting CVar [[r.Upscale.Quality:2]]
[2019.10.13-23.59.59:958][  0]LogConfig: Setting CVar [[r.Tonemapper.GrainQuantization:0]]
[2019.10.13-23.59.59:958][  0]LogConfig: Setting CVar [[r.LightShaftQuality:0]]
[2019.10.13-23.59.59:958][  0]LogConfig: Setting CVar [[r.Filter.SizeScale:0.7]]
[2019.10.13-23.59.59:958][  0]LogConfig: Setting CVar [[r.Tonemapper.Quality:2]]
[2019.10.13-23.59.59:958][  0]LogConfig: Setting CVar [[r.DOF.Gather.AccumulatorQuality:0        ; lower gathering accumulator quality]]
[2019.10.13-23.59.59:958][  0]LogConfig: Setting CVar [[r.DOF.Gather.PostfilterMethod:2          ; Max3x3 postfilering method]]
[2019.10.13-23.59.59:958][  0]LogConfig: Setting CVar [[r.DOF.Gather.EnableBokehSettings:0       ; no bokeh simulation when gathering]]
[2019.10.13-23.59.59:958][  0]LogConfig: Setting CVar [[r.DOF.Gather.RingCount:3                 ; low number of samples when gathering]]
[2019.10.13-23.59.59:958][  0]LogConfig: Setting CVar [[r.DOF.Scatter.ForegroundCompositing:0    ; no foreground scattering]]
[2019.10.13-23.59.59:958][  0]LogConfig: Setting CVar [[r.DOF.Scatter.BackgroundCompositing:0    ; no foreground scattering]]
[2019.10.13-23.59.59:958][  0]LogConfig: Setting CVar [[r.DOF.Recombine.Quality:0                ; no slight out of focus]]
[2019.10.13-23.59.59:958][  0]LogConfig: Setting CVar [[r.DOF.TemporalAAQuality:0                ; faster temporal accumulation]]
[2019.10.13-23.59.59:958][  0]LogConfig: Setting CVar [[r.DOF.Kernel.MaxForegroundRadius:0.006   ; required because low gathering and no scattering and not looking great at 1080p]]
[2019.10.13-23.59.59:958][  0]LogConfig: Setting CVar [[r.DOF.Kernel.MaxBackgroundRadius:0.006   ; required because low gathering and no scattering and not looking great at 1080p]]
[2019.10.13-23.59.59:958][  0]LogConfig: Applying CVar settings from Section [TextureQuality@1] File [C:/Users/rober/Desktop/College/GameJam2019/Midstone_unreal/Midstone/Saved/Config/Windows/Scalability.ini]
[2019.10.13-23.59.59:958][  0]LogConfig: Setting CVar [[r.Streaming.MipBias:1]]
[2019.10.13-23.59.59:958][  0]LogConfig: Setting CVar [[r.Streaming.AmortizeCPUToGPUCopy:0]]
[2019.10.13-23.59.59:958][  0]LogConfig: Setting CVar [[r.Streaming.MaxNumTexturesToStreamPerFrame:0]]
[2019.10.13-23.59.59:958][  0]LogConfig: Setting CVar [[r.Streaming.Boost:1]]
[2019.10.13-23.59.59:958][  0]LogConfig: Setting CVar [[r.MaxAnisotropy:2]]
[2019.10.13-23.59.59:958][  0]LogConfig: Setting CVar [[r.Streaming.LimitPoolSizeToVRAM:1]]
[2019.10.13-23.59.59:958][  0]LogConfig: Setting CVar [[r.Streaming.PoolSize:600]]
[2019.10.13-23.59.59:958][  0]LogConfig: Setting CVar [[r.Streaming.MaxEffectiveScreenSize:0]]
[2019.10.13-23.59.59:958][  0]LogConfig: Applying CVar settings from Section [EffectsQuality@1] File [C:/Users/rober/Desktop/College/GameJam2019/Midstone_unreal/Midstone/Saved/Config/Windows/Scalability.ini]
[2019.10.13-23.59.59:958][  0]LogConfig: Setting CVar [[r.TranslucencyLightingVolumeDim:32]]
[2019.10.13-23.59.59:958][  0]LogConfig: Setting CVar [[r.RefractionQuality:0]]
[2019.10.13-23.59.59:958][  0]LogConfig: Setting CVar [[r.SSR.Quality:0]]
[2019.10.13-23.59.59:958][  0]LogConfig: Setting CVar [[r.SceneColorFormat:3]]
[2019.10.13-23.59.59:958][  0]LogConfig: Setting CVar [[r.DetailMode:1]]
[2019.10.13-23.59.59:958][  0]LogConfig: Setting CVar [[r.TranslucencyVolumeBlur:0]]
[2019.10.13-23.59.59:958][  0]LogConfig: Setting CVar [[r.MaterialQualityLevel:2 ; Medium quality]]
[2019.10.13-23.59.59:958][  0]LogConfig: Setting CVar [[r.SSS.Scale:0.75]]
[2019.10.13-23.59.59:958][  0]LogConfig: Setting CVar [[r.SSS.SampleSet:0]]
[2019.10.13-23.59.59:958][  0]LogConfig: Setting CVar [[r.SSS.Quality:0]]
[2019.10.13-23.59.59:958][  0]LogConfig: Setting CVar [[r.SSS.HalfRes:1]]
[2019.10.13-23.59.59:958][  0]LogConfig: Setting CVar [[r.EmitterSpawnRateScale:0.25]]
[2019.10.13-23.59.59:958][  0]LogConfig: Setting CVar [[r.ParticleLightQuality:0]]
[2019.10.13-23.59.59:958][  0]LogConfig: Applying CVar settings from Section [FoliageQuality@1] File [C:/Users/rober/Desktop/College/GameJam2019/Midstone_unreal/Midstone/Saved/Config/Windows/Scalability.ini]
[2019.10.13-23.59.59:958][  0]LogConfig: Setting CVar [[foliage.DensityScale:0.4]]
[2019.10.13-23.59.59:958][  0]LogConfig: Setting CVar [[grass.DensityScale:0.4]]
[2019.10.13-23.59.59:958][  0]LogConfig: Applying CVar settings from Section [Startup] File [../../../Engine/Config/ConsoleVariables.ini]
[2019.10.13-23.59.59:959][  0]LogConfig: Setting CVar [[net.UseAdaptiveNetUpdateFrequency:0]]
[2019.10.13-23.59.59:959][  0]LogConfig: Setting CVar [[p.chaos.AllowCreatePhysxBodies:1]]
[2019.10.13-23.59.59:959][  0]LogConfig: Setting CVar [[fx.SkipVectorVMBackendOptimizations:1]]
[2019.10.13-23.59.59:959][  0]LogConfig: Applying CVar settings from Section [ConsoleVariables] File [C:/Users/rober/Desktop/College/GameJam2019/Midstone_unreal/Midstone/Saved/Config/Windows/Engine.ini]
[2019.10.13-23.59.59:959][  0]LogInit: Computer: DESKTOP-5BSH90I
[2019.10.13-23.59.59:959][  0]LogInit: User: rober
[2019.10.13-23.59.59:959][  0]LogInit: CPU Page size=4096, Cores=4
[2019.10.13-23.59.59:959][  0]LogInit: High frequency timer resolution =10.000000 MHz
[2019.10.13-23.59.59:959][  0]LogMemory: Memory total: Physical=11.9GB (12GB approx)
[2019.10.13-23.59.59:959][  0]LogMemory: Platform Memory Stats for Windows
[2019.10.13-23.59.59:959][  0]LogMemory: Process Physical Memory: 102.17 MB used, 102.18 MB peak
[2019.10.13-23.59.59:959][  0]LogMemory: Process Virtual Memory: 99.57 MB used, 99.57 MB peak
[2019.10.13-23.59.59:959][  0]LogMemory: Physical Memory: 6197.51 MB used,  5974.45 MB free, 12171.96 MB total
[2019.10.13-23.59.59:959][  0]LogMemory: Virtual Memory: 4683.09 MB used,  134213048.00 MB free, 134217728.00 MB total
[2019.10.14-00.00.00:566][  0]LogWindows: WindowsPlatformFeatures enabled
[2019.10.14-00.00.00:596][  0]LogInit: Using OS detected language (en-US).
[2019.10.14-00.00.00:596][  0]LogInit: Using OS detected locale (en-CA).
[2019.10.14-00.00.00:597][  0]LogTextLocalizationManager: No specific localization for 'en-US' exists, so the 'en' localization will be used.
[2019.10.14-00.00.00:771][  0]LogInit: Setting process to per monitor DPI aware
[2019.10.14-00.00.00:823][  0]LogSlate: New Slate User Created.  User Index 0, Is Virtual User: 0
[2019.10.14-00.00.00:823][  0]LogSlate: Slate User Registered.  User Index 0, Is Virtual User: 0
[2019.10.14-00.00.01:040][  0]LogHMD: Failed to initialize OpenVR with code 126
[2019.10.14-00.00.01:040][  0]LogD3D11RHI: D3D11 adapters:
[2019.10.14-00.00.01:104][  0]LogD3D11RHI:    0. 'NVIDIA GeForce GTX 1050' (Feature Level 11_0)
[2019.10.14-00.00.01:104][  0]LogD3D11RHI:       4021/0/6085 MB DedicatedVideo/DedicatedSystem/SharedSystem, Outputs:1, VendorId:0x10de
[2019.10.14-00.00.01:122][  0]LogD3D11RHI:    1. 'Intel(R) HD Graphics 630' (Feature Level 11_0)
[2019.10.14-00.00.01:122][  0]LogD3D11RHI:       128/0/6085 MB DedicatedVideo/DedicatedSystem/SharedSystem, Outputs:0, VendorId:0x8086
[2019.10.14-00.00.01:124][  0]LogD3D11RHI:    2. 'Microsoft Basic Render Driver' (Feature Level 11_0)
[2019.10.14-00.00.01:124][  0]LogD3D11RHI:       0/0/6085 MB DedicatedVideo/DedicatedSystem/SharedSystem, Outputs:0, VendorId:0x1414
[2019.10.14-00.00.01:124][  0]LogD3D11RHI: Chosen D3D11 Adapter: 0
[2019.10.14-00.00.01:156][  0]LogD3D11RHI: Creating new Direct3DDevice
[2019.10.14-00.00.01:156][  0]LogD3D11RHI:     GPU DeviceId: 0x1c8d (for the marketing name, search the web for "GPU Device Id")
[2019.10.14-00.00.01:156][  0]LogWindows: EnumDisplayDevices:
[2019.10.14-00.00.01:156][  0]LogWindows:    0. 'Intel(R) HD Graphics 630' (P:1 D:1)
[2019.10.14-00.00.01:157][  0]LogWindows:    1. 'Intel(R) HD Graphics 630' (P:0 D:0)
[2019.10.14-00.00.01:157][  0]LogWindows:    2. 'Intel(R) HD Graphics 630' (P:0 D:0)
[2019.10.14-00.00.01:157][  0]LogWindows: DebugString: PrimaryIsNotTheChoosenAdapter PrimaryIsNotTheChoosenAdapter PrimaryIsNotTheChoosenAdapter FoundDriverCount:0 
[2019.10.14-00.00.01:157][  0]LogD3D11RHI:     Adapter Name: NVIDIA GeForce GTX 1050
[2019.10.14-00.00.01:157][  0]LogD3D11RHI:   Driver Version: Unknown (internal:Unknown, unified:Unknown)
[2019.10.14-00.00.01:157][  0]LogD3D11RHI:      Driver Date: Unknown
[2019.10.14-00.00.01:157][  0]LogRHI: Texture pool is 2814 MB (70% of 4021 MB)
[2019.10.14-00.00.01:207][  0]LogD3D11RHI: Async texture creation enabled
[2019.10.14-00.00.01:223][  0]LogD3D11RHI: GPU Timing Frequency: 1000.000000 (Debug: 2 2)
[2019.10.14-00.00.01:777][  0]LogTemp: Display: Module 'AllDesktopTargetPlatform' loaded TargetPlatform 'AllDesktop'
[2019.10.14-00.00.01:787][  0]LogTemp: Display: Module 'MacClientTargetPlatform' loaded TargetPlatform 'MacClient'
[2019.10.14-00.00.01:797][  0]LogTemp: Display: Module 'MacNoEditorTargetPlatform' loaded TargetPlatform 'MacNoEditor'
[2019.10.14-00.00.01:806][  0]LogTemp: Display: Module 'MacServerTargetPlatform' loaded TargetPlatform 'MacServer'
[2019.10.14-00.00.01:817][  0]LogTemp: Display: Module 'MacTargetPlatform' loaded TargetPlatform 'Mac'
[2019.10.14-00.00.01:827][  0]LogTemp: Display: Module 'WindowsClientTargetPlatform' loaded TargetPlatform 'WindowsClient'
[2019.10.14-00.00.01:837][  0]LogTemp: Display: Module 'WindowsNoEditorTargetPlatform' loaded TargetPlatform 'WindowsNoEditor'
[2019.10.14-00.00.01:849][  0]LogTemp: Display: Module 'WindowsServerTargetPlatform' loaded TargetPlatform 'WindowsServer'
[2019.10.14-00.00.01:855][  0]LogTemp: Display: Module 'WindowsTargetPlatform' loaded TargetPlatform 'Windows'
[2019.10.14-00.00.01:885][  0]LogTemp: Display: Module 'AndroidTargetPlatform' loaded TargetPlatform 'Android'
[2019.10.14-00.00.01:885][  0]LogTemp: Display: Module 'AndroidTargetPlatform' loaded TargetPlatform 'Android_ASTC'
[2019.10.14-00.00.01:885][  0]LogTemp: Display: Module 'AndroidTargetPlatform' loaded TargetPlatform 'Android_ATC'
[2019.10.14-00.00.01:885][  0]LogTemp: Display: Module 'AndroidTargetPlatform' loaded TargetPlatform 'Android_DXT'
[2019.10.14-00.00.01:885][  0]LogTemp: Display: Module 'AndroidTargetPlatform' loaded TargetPlatform 'Android_ETC1'
[2019.10.14-00.00.01:885][  0]LogTemp: Display: Module 'AndroidTargetPlatform' loaded TargetPlatform 'Android_ETC1a'
[2019.10.14-00.00.01:885][  0]LogTemp: Display: Module 'AndroidTargetPlatform' loaded TargetPlatform 'Android_ETC2'
[2019.10.14-00.00.01:885][  0]LogTemp: Display: Module 'AndroidTargetPlatform' loaded TargetPlatform 'Android_PVRTC'
[2019.10.14-00.00.01:885][  0]LogTemp: Display: Module 'AndroidTargetPlatform' loaded TargetPlatform 'AndroidClient'
[2019.10.14-00.00.01:885][  0]LogTemp: Display: Module 'AndroidTargetPlatform' loaded TargetPlatform 'Android_ASTCClient'
[2019.10.14-00.00.01:885][  0]LogTemp: Display: Module 'AndroidTargetPlatform' loaded TargetPlatform 'Android_ATCClient'
[2019.10.14-00.00.01:885][  0]LogTemp: Display: Module 'AndroidTargetPlatform' loaded TargetPlatform 'Android_DXTClient'
[2019.10.14-00.00.01:885][  0]LogTemp: Display: Module 'AndroidTargetPlatform' loaded TargetPlatform 'Android_ETC1Client'
[2019.10.14-00.00.01:885][  0]LogTemp: Display: Module 'AndroidTargetPlatform' loaded TargetPlatform 'Android_ETC1aClient'
[2019.10.14-00.00.01:885][  0]LogTemp: Display: Module 'AndroidTargetPlatform' loaded TargetPlatform 'Android_ETC2Client'
[2019.10.14-00.00.01:885][  0]LogTemp: Display: Module 'AndroidTargetPlatform' loaded TargetPlatform 'Android_PVRTCClient'
[2019.10.14-00.00.01:885][  0]LogTemp: Display: Module 'AndroidTargetPlatform' loaded TargetPlatform 'Android_Multi'
[2019.10.14-00.00.01:885][  0]LogTemp: Display: Module 'AndroidTargetPlatform' loaded TargetPlatform 'Android_MultiClient'
[2019.10.14-00.00.01:887][  0]LogTemp: Display: Module 'HTML5TargetPlatform' loaded TargetPlatform 'HTML5'
[2019.10.14-00.00.01:905][  0]LogTemp: Display: Module 'IOSTargetPlatform' loaded TargetPlatform 'IOSClient'
[2019.10.14-00.00.01:905][  0]LogTemp: Display: Module 'IOSTargetPlatform' loaded TargetPlatform 'IOS'
[2019.10.14-00.00.01:919][  0]LogTemp: Display: Module 'TVOSTargetPlatform' loaded TargetPlatform 'TVOSClient'
[2019.10.14-00.00.01:919][  0]LogTemp: Display: Module 'TVOSTargetPlatform' loaded TargetPlatform 'TVOS'
[2019.10.14-00.00.01:930][  0]LogTemp: Display: Module 'LinuxClientTargetPlatform' loaded TargetPlatform 'LinuxClient'
[2019.10.14-00.00.01:937][  0]LogTemp: Display: Module 'LinuxNoEditorTargetPlatform' loaded TargetPlatform 'LinuxNoEditor'
[2019.10.14-00.00.01:944][  0]LogTemp: Display: Module 'LinuxServerTargetPlatform' loaded TargetPlatform 'LinuxServer'
[2019.10.14-00.00.01:954][  0]LogTemp: Display: Module 'LinuxTargetPlatform' loaded TargetPlatform 'Linux'
[2019.10.14-00.00.01:976][  0]LogTemp: Display: Module 'LuminTargetPlatform' loaded TargetPlatform 'Lumin'
[2019.10.14-00.00.01:976][  0]LogTemp: Display: Module 'LuminTargetPlatform' loaded TargetPlatform 'LuminClient'
[2019.10.14-00.00.01:976][  0]LogTargetPlatformManager: Display: Building Assets For Windows
[2019.10.14-00.00.01:988][  0]LogAudioDebug: Display: Lib vorbis DLL was dynamically loaded.
[2019.10.14-00.00.02:058][  0]LogShaderCompilers: Guid format shader working directory is -37 characters bigger than the processId version (../../../../../../Users/rober/Desktop/College/GameJam2019/Midstone_unreal/Midstone/Intermediate/Shaders/WorkingDirectory/18444/).
[2019.10.14-00.00.02:058][  0]LogShaderCompilers: Cleaned the shader compiler working directory 'C:/Users/rober/AppData/Local/Temp/UnrealShaderWorkingDir/9CFA50B44A9E96F188C70C8D91DEF62E/'.
[2019.10.14-00.00.02:062][  0]LogXGEController: Cannot use XGE Controller as Incredibuild is not installed on this machine.
[2019.10.14-00.00.02:062][  0]LogShaderCompilers: Cannot use XGE Shader Compiler as Incredibuild is not installed on this machine.
[2019.10.14-00.00.02:062][  0]LogShaderCompilers: Display: Using Local Shader Compiler.
[2019.10.14-00.00.03:060][  0]LogDerivedDataCache: Display: Max Cache Size: 512 MB
[2019.10.14-00.00.03:117][  0]LogDerivedDataCache: Loaded boot cache 0.06s 82MB C:/Users/rober/AppData/Local/UnrealEngine/4.23/DerivedDataCache/Boot.ddc.
[2019.10.14-00.00.03:117][  0]LogDerivedDataCache: Display: Loaded Boot cache: C:/Users/rober/AppData/Local/UnrealEngine/4.23/DerivedDataCache/Boot.ddc
[2019.10.14-00.00.03:117][  0]LogDerivedDataCache: FDerivedDataBackendGraph:  Pak pak cache file ../../../../../../Users/rober/Desktop/College/GameJam2019/Midstone_unreal/Midstone/DerivedDataCache/DDC.ddp not found, will not use a pak cache.
[2019.10.14-00.00.03:117][  0]LogDerivedDataCache: Unable to find inner node Pak for hierarchical cache Hierarchy.
[2019.10.14-00.00.03:117][  0]LogDerivedDataCache: FDerivedDataBackendGraph:  CompressedPak pak cache file ../../../../../../Users/rober/Desktop/College/GameJam2019/Midstone_unreal/Midstone/DerivedDataCache/Compressed.ddp not found, will not use a pak cache.
[2019.10.14-00.00.03:117][  0]LogDerivedDataCache: Unable to find inner node CompressedPak for hierarchical cache Hierarchy.
[2019.10.14-00.00.03:129][  0]LogDerivedDataCache: Display: Pak cache opened for reading ../../../Engine/DerivedDataCache/Compressed.ddp.
[2019.10.14-00.00.03:129][  0]LogDerivedDataCache: FDerivedDataBackendGraph:  EnterprisePak pak cache file ../../../Enterprise/DerivedDataCache/Compressed.ddp not found, will not use a pak cache.
[2019.10.14-00.00.03:129][  0]LogDerivedDataCache: Unable to find inner node EnterprisePak for hierarchical cache Hierarchy.
[2019.10.14-00.00.03:130][  0]LogDerivedDataCache: Using Local data cache path C:/Users/rober/AppData/Local/UnrealEngine/Common/DerivedDataCache: Writable
[2019.10.14-00.00.03:130][  0]LogDerivedDataCache: Shared data cache path not found in *engine.ini, will not use an Shared cache.
[2019.10.14-00.00.03:130][  0]LogDerivedDataCache: Unable to find inner node Shared for hierarchical cache Hierarchy.
[2019.10.14-00.00.03:153][  0]LogMaterial: Verifying Global Shaders for PCD3D_SM5
[2019.10.14-00.00.03:156][  0]LogSlate: Using FreeType 2.6.0
[2019.10.14-00.00.03:156][  0]LogSlate: SlateFontServices - WITH_FREETYPE: 1, WITH_HARFBUZZ: 1
[2019.10.14-00.00.03:211][  0]LogAssetRegistry: FAssetRegistry took 0.0026 seconds to start up
[2019.10.14-00.00.03:460][  0]LogInit: Selected Device Profile: [Windows]
[2019.10.14-00.00.03:622][  0]LogMeshReduction: Using QuadricMeshReduction for automatic static mesh reduction
[2019.10.14-00.00.03:622][  0]LogMeshReduction: Using SimplygonMeshReduction for automatic skeletal mesh reduction
[2019.10.14-00.00.03:622][  0]LogMeshReduction: Using ProxyLODMeshReduction for automatic mesh merging
[2019.10.14-00.00.03:622][  0]LogMeshReduction: No distributed automatic mesh merging module available
[2019.10.14-00.00.03:622][  0]LogMeshMerging: No distributed automatic mesh merging module available
[2019.10.14-00.00.03:632][  0]LogNetVersion: Midstone 1.0.0, NetCL: 8386587, EngineNetVer: 11, GameNetVer: 0 (Checksum: 3331639806)
[2019.10.14-00.00.04:074][  0]LogPackageLocalizationCache: Processed 14 localized package path(s) for 1 prioritized culture(s) in 0.057246 seconds
[2019.10.14-00.00.04:081][  0]LogUObjectArray: 43469 objects as part of root set at end of initial load.
[2019.10.14-00.00.04:081][  0]LogUObjectAllocator: 7553416 out of 0 bytes used by permanent object pool.
[2019.10.14-00.00.04:081][  0]LogUObjectArray: CloseDisregardForGC: 0/0 objects in disregard for GC pool
[2019.10.14-00.00.05:222][  0]LogTcpMessaging: Initializing TcpMessaging bridge
[2019.10.14-00.00.05:225][  0]LogUdpMessaging: Initializing bridge on interface 0.0.0.0:0 to multicast group 230.0.0.1:6666.
[2019.10.14-00.00.05:280][  0]SourceControl: Source control is disabled
[2019.10.14-00.00.05:280][  0]SourceControl: Source control is disabled
[2019.10.14-00.00.05:281][  0]SourceControl: Source control is disabled
[2019.10.14-00.00.05:282][  0]SourceControl: Source control is disabled
[2019.10.14-00.00.05:410][  0]LogAndroidPermission: UAndroidPermissionCallbackProxy::GetInstance
[2019.10.14-00.00.05:512][  0]LogOcInput: OculusInput pre-init called
[2019.10.14-00.00.05:518][  0]LogWindows: Failed to load 'OVRPlugin.dll' (GetLastError=126)
[2019.10.14-00.00.05:519][  0]LogWindows: File 'OVRPlugin.dll' does not exist
[2019.10.14-00.00.05:594][  0]LogEngine: Initializing Engine...
[2019.10.14-00.00.05:641][  0]LogHMD: Failed to initialize OpenVR with code 126
[2019.10.14-00.00.05:642][  0]LogStats: UGameplayTagsManager::InitializeManager -  0.000 s
[2019.10.14-00.00.05:929][  0]LogInit: Initializing FReadOnlyCVARCache
[2019.10.14-00.00.05:948][  0]LogAIModule: Creating AISystem for world Untitled
[2019.10.14-00.00.06:022][  0]LogInit: XAudio2 using 'LCD TV (Intel(R) Display Audio)' : 2 channels at 48 kHz using 16 bits per sample (channel mask 0x3)
[2019.10.14-00.00.06:055][  0]LogInit: FAudioDevice initialized.
[2019.10.14-00.00.06:055][  0]LogNetVersion: Set ProjectVersion to 1.0.0.0. Version Checksum will be recalculated on next use.
[2019.10.14-00.00.06:519][  0]LogDerivedDataCache: Saved boot cache 0.46s 82MB C:/Users/rober/AppData/Local/UnrealEngine/4.23/DerivedDataCache/Boot.ddc.
[2019.10.14-00.00.06:535][  0]LogInit: Texture streaming: Enabled
[2019.10.14-00.00.06:569][  0]LogEngineSessionManager: EngineSessionManager initialized
[2019.10.14-00.00.06:798][  0]LogInit: Transaction tracking system initialized
[2019.10.14-00.00.06:847][  0]BlueprintLog: New page: Editor Load
[2019.10.14-00.00.06:970][  0]LocalizationService: Localization service is disabled
[2019.10.14-00.00.09:415][  0]LogFileCache: Scanning file cache for directory 'C:/Users/rober/Desktop/College/GameJam2019/Midstone_unreal/Midstone/Content/' took 0.01s
[2019.10.14-00.00.09:415][  0]LogCook: Display: Max memory allowance for cook 16384mb min free memory 0mb
[2019.10.14-00.00.09:415][  0]LogCook: Display: Mobile HDR setting 1
[2019.10.14-00.00.09:890][  0]SourceControl: Source control is disabled
[2019.10.14-00.00.09:890][  0]Cmd: MAP LOAD FILE="../../../../../../Users/rober/Desktop/College/GameJam2019/Midstone_unreal/Midstone/Content/ThirdPersonBP/Maps/ThirdPersonExampleMap.umap" TEMPLATE=0 SHOWPROGRESS=1 FEATURELEVEL=3
[2019.10.14-00.00.09:890][  0]LightingResults: New page: Lighting Build
[2019.10.14-00.00.09:894][  0]LogWorld: UWorld::CleanupWorld for Untitled, bSessionEnded=true, bCleanupResources=true
[2019.10.14-00.00.09:895][  0]MapCheck: New page: Map Check
[2019.10.14-00.00.09:895][  0]LightingResults: New page: Lighting Build
[2019.10.14-00.00.09:929][  0]LogUObjectHash: Compacting FUObjectHashTables data took   4.96ms
[2019.10.14-00.00.12:473][  0]LogNiagaraEditor: Verbose: '/Game/FX/JumpP_sys' Precompile took 0.048363 sec.
[2019.10.14-00.00.12:474][  0]LogNiagara: Script 'NiagaraScript /Game/FX/JumpP_sys.JumpP_sys:JumpP.EmitterSpawnScript_2' is in-sync skipping compile..
[2019.10.14-00.00.12:474][  0]LogNiagara: Script 'NiagaraScript /Game/FX/JumpP_sys.JumpP_sys:JumpP.EmitterUpdateScript_3' is in-sync skipping compile..
[2019.10.14-00.00.12:475][  0]LogNiagara: Script 'NiagaraScript /Game/FX/JumpP_sys.JumpP_sys:SystemSpawnScript' is in-sync skipping compile..
[2019.10.14-00.00.12:475][  0]LogNiagara: Script 'NiagaraScript /Game/FX/JumpP_sys.JumpP_sys:SystemUpdateScript' is in-sync skipping compile..
[2019.10.14-00.00.12:520][  0]LogAIModule: Creating AISystem for world ThirdPersonExampleMap
[2019.10.14-00.00.12:561][  0]LogEditorServer: Finished looking for orphan Actors (0.000 secs)
[2019.10.14-00.00.12:603][  0]LogUObjectHash: Compacting FUObjectHashTables data took   2.52ms
[2019.10.14-00.00.12:604][  0]Cmd: MAP CHECKDEP NOCLEARLOG
[2019.10.14-00.00.12:604][  0]MapCheck: Map check complete: 0 Error(s), 0 Warning(s), took 0.141ms to complete.
[2019.10.14-00.00.12:604][  0]LogFileHelpers: Loading map 'ThirdPersonExampleMap' took 2.714
[2019.10.14-00.00.12:862][  0]LogSlate: Updating window title bar state: overlay mode, drag disabled, window buttons hidden, title bar hidden
[2019.10.14-00.00.12:870][  0]LogSlate: Updating window title bar state: overlay mode, drag disabled, window buttons hidden, title bar hidden
[2019.10.14-00.00.12:877][  0]LogSlate: Updating window title bar state: overlay mode, drag disabled, window buttons hidden, title bar hidden
[2019.10.14-00.00.12:887][  0]LogSlate: Updating window title bar state: overlay mode, drag disabled, window buttons hidden, title bar hidden
[2019.10.14-00.00.12:901][  0]LogCollectionManager: Loaded 0 collections in 0.003565 seconds
[2019.10.14-00.00.12:909][  0]LogFileCache: Scanning file cache for directory 'C:/Users/rober/Desktop/College/GameJam2019/Midstone_unreal/Midstone/Saved/Collections/' took 0.00s
[2019.10.14-00.00.12:909][  0]LogFileCache: Scanning file cache for directory 'C:/Users/rober/Desktop/College/GameJam2019/Midstone_unreal/Midstone/Content/Developers/rober/Collections/' took 0.00s
[2019.10.14-00.00.12:909][  0]LogFileCache: Scanning file cache for directory 'C:/Users/rober/Desktop/College/GameJam2019/Midstone_unreal/Midstone/Content/Collections/' took 0.00s
[2019.10.14-00.00.12:909][  0]LogCollectionManager: Rebuilt the GUID cache for 0 collections in 0.000002 seconds
[2019.10.14-00.00.12:919][  0]LogContentBrowser: Native class hierarchy populated in 0.0097 seconds. Added 2999 classes and 698 folders.
[2019.10.14-00.00.12:929][  0]LogContentBrowser: Native class hierarchy updated for 'WidgetCarousel' in 0.0002 seconds. Added 0 classes and 0 folders.
[2019.10.14-00.00.14:086][  0]LogContentBrowser: Native class hierarchy updated for 'AddContentDialog' in 0.0003 seconds. Added 0 classes and 0 folders.
[2019.10.14-00.00.14:093][  0]LogContentBrowser: Native class hierarchy updated for 'SceneOutliner' in 0.0003 seconds. Added 1 classes and 2 folders.
[2019.10.14-00.00.14:188][  0]LogSlate: Took 0.000160 seconds to synchronously load lazily loaded font '../../../Engine/Content/Slate/Fonts/Roboto-Regular.ttf' (155K)
[2019.10.14-00.00.14:190][  0]LogSlate: Took 0.000137 seconds to synchronously load lazily loaded font '../../../Engine/Content/Slate/Fonts/Roboto-Bold.ttf' (160K)
[2019.10.14-00.00.14:220][  0]LogSlate: Took 0.025641 seconds to synchronously load lazily loaded font '../../../Engine/Content/Editor/Slate/Fonts/FontAwesome.ttf' (139K)
[2019.10.14-00.00.14:908][  0]LogRenderer: Reallocating scene render targets to support 964x480 Format 9 NumSamples 1 (Frame:1).
[2019.10.14-00.00.15:087][  0]LogContentBrowser: Native class hierarchy updated for 'HierarchicalLODOutliner' in 0.0002 seconds. Added 0 classes and 0 folders.
[2019.10.14-00.00.15:087][  0]LogLoad: (Engine Initialization) Total time: 16.59 seconds
[2019.10.14-00.00.15:087][  0]LogLoad: (Engine Initialization) Total Blueprint compile time: 0.00 seconds
[2019.10.14-00.00.15:247][  0]LogContentStreaming: Texture pool size now 600 MB
[2019.10.14-00.00.15:300][  0]LogSlate: Took 0.004063 seconds to synchronously load lazily loaded font '../../../Engine/Content/Slate/Fonts/Roboto-Light.ttf' (167K)
[2019.10.14-00.00.16:290][ 10]LogAssetRegistry: Asset discovery search completed in 13.0796 seconds
[2019.10.14-00.00.16:294][ 10]LogCollectionManager: Rebuilt the object cache for 0 collections in 0.000005 seconds (found 0 objects)
[2019.10.14-00.00.16:294][ 10]LogCollectionManager: Fixed up redirectors for 0 collections in 0.000057 seconds (updated 0 objects)
[2019.10.14-00.00.45:918][783]LogSlate: FSceneViewport::OnFocusLost() reason 0
[2019.10.14-00.00.46:002][788]LogTemp: Repeating last play command: Selected Viewport
[2019.10.14-00.00.46:016][788]LogBlueprintUserMessages: Early PlayInEditor Detection: Level '/Game/ThirdPersonBP/Maps/ThirdPersonExampleMap.ThirdPersonExampleMap:PersistentLevel' has LevelScriptBlueprint '/Game/ThirdPersonBP/Maps/ThirdPersonExampleMap.ThirdPersonExampleMap:PersistentLevel.ThirdPersonExampleMap' with GeneratedClass '/Game/ThirdPersonBP/Maps/ThirdPersonExampleMap.ThirdPersonExampleMap_C' with ClassGeneratedBy '/Game/ThirdPersonBP/Maps/ThirdPersonExampleMap.ThirdPersonExampleMap:PersistentLevel.ThirdPersonExampleMap'
[2019.10.14-00.00.46:016][788]LogPlayLevel: PlayLevel: No blueprints needed recompiling
[2019.10.14-00.00.46:016][788]PIE: New page: PIE session: ThirdPersonExampleMap (Oct 13, 2019, 4:00:46 PM)
[2019.10.14-00.00.46:018][788]LogOnline: OSS: Creating online subsystem instance for: NULL
[2019.10.14-00.00.46:020][788]LogPlayLevel: Creating play world package: /Game/ThirdPersonBP/Maps/UEDPIE_0_ThirdPersonExampleMap
[2019.10.14-00.00.46:042][788]LogPlayLevel: PIE: StaticDuplicateObject took: (0.021422s)
[2019.10.14-00.00.46:043][788]LogAIModule: Creating AISystem for world ThirdPersonExampleMap
[2019.10.14-00.00.46:043][788]LogPlayLevel: PIE: World Init took: (0.001172s)
[2019.10.14-00.00.46:043][788]LogPlayLevel: PIE: Created PIE world by copying editor world from /Game/ThirdPersonBP/Maps/ThirdPersonExampleMap.ThirdPersonExampleMap to /Game/ThirdPersonBP/Maps/UEDPIE_0_ThirdPersonExampleMap.ThirdPersonExampleMap (0.022886s)
[2019.10.14-00.00.46:070][788]LogUObjectHash: Compacting FUObjectHashTables data took   1.36ms
[2019.10.14-00.00.46:086][788]LogInit: XAudio2 using 'LCD TV (Intel(R) Display Audio)' : 2 channels at 48 kHz using 16 bits per sample (channel mask 0x3)
[2019.10.14-00.00.46:099][788]LogInit: FAudioDevice initialized.
[2019.10.14-00.00.46:110][788]LogLoad: Game class is 'ThirdPersonGameMode_C'
[2019.10.14-00.00.46:114][788]LogWorld: Bringing World /Game/ThirdPersonBP/Maps/UEDPIE_0_ThirdPersonExampleMap.ThirdPersonExampleMap up for play (max tick rate 60) at 2019.10.13-20.00.46
[2019.10.14-00.00.46:115][788]LogWorld: Bringing up level for play took: 0.003077
[2019.10.14-00.00.46:115][788]LogOnline: OSS: Creating online subsystem instance for: :Context_7
[2019.10.14-00.00.46:125][788]LogContentBrowser: Native class hierarchy updated for 'MovieSceneCapture' in 0.0003 seconds. Added 20 classes and 0 folders.
[2019.10.14-00.00.46:125][788]PIE: Play in editor start time for /Game/ThirdPersonBP/Maps/UEDPIE_0_ThirdPersonExampleMap -0.844
[2019.10.14-00.00.46:125][788]LogBlueprintUserMessages: Late PlayInEditor Detection: Level '/Game/ThirdPersonBP/Maps/ThirdPersonExampleMap.ThirdPersonExampleMap:PersistentLevel' has LevelScriptBlueprint '/Game/ThirdPersonBP/Maps/ThirdPersonExampleMap.ThirdPersonExampleMap:PersistentLevel.ThirdPersonExampleMap' with GeneratedClass '/Game/ThirdPersonBP/Maps/ThirdPersonExampleMap.ThirdPersonExampleMap_C' with ClassGeneratedBy '/Game/ThirdPersonBP/Maps/ThirdPersonExampleMap.ThirdPersonExampleMap:PersistentLevel.ThirdPersonExampleMap'
[2019.10.14-00.04.01:102][466]LogBlueprintUserMessages: Early EndPlayMap Detection: Level '/Game/ThirdPersonBP/Maps/ThirdPersonExampleMap.ThirdPersonExampleMap:PersistentLevel' has LevelScriptBlueprint '/Game/ThirdPersonBP/Maps/ThirdPersonExampleMap.ThirdPersonExampleMap:PersistentLevel.ThirdPersonExampleMap' with GeneratedClass '/Game/ThirdPersonBP/Maps/ThirdPersonExampleMap.ThirdPersonExampleMap_C' with ClassGeneratedBy '/Game/ThirdPersonBP/Maps/ThirdPersonExampleMap.ThirdPersonExampleMap:PersistentLevel.ThirdPersonExampleMap'
[2019.10.14-00.04.01:102][466]LogSlate: Updating window title bar state: overlay mode, drag disabled, window buttons hidden, title bar hidden
[2019.10.14-00.04.01:102][466]LogWorld: BeginTearingDown for /Game/ThirdPersonBP/Maps/UEDPIE_0_ThirdPersonExampleMap
[2019.10.14-00.04.01:102][466]LogWorld: UWorld::CleanupWorld for ThirdPersonExampleMap, bSessionEnded=true, bCleanupResources=true
[2019.10.14-00.04.01:115][466]LogPlayLevel: Display: Shutting down PIE online subsystems
[2019.10.14-00.04.01:115][466]LogBlueprintUserMessages: Late EndPlayMap Detection: Level '/Game/ThirdPersonBP/Maps/ThirdPersonExampleMap.ThirdPersonExampleMap:PersistentLevel' has LevelScriptBlueprint '/Game/ThirdPersonBP/Maps/ThirdPersonExampleMap.ThirdPersonExampleMap:PersistentLevel.ThirdPersonExampleMap' with GeneratedClass '/Game/ThirdPersonBP/Maps/ThirdPersonExampleMap.ThirdPersonExampleMap_C' with ClassGeneratedBy '/Game/ThirdPersonBP/Maps/ThirdPersonExampleMap.ThirdPersonExampleMap:PersistentLevel.ThirdPersonExampleMap'
[2019.10.14-00.04.01:146][466]LogSlate: Updating window title bar state: overlay mode, drag disabled, window buttons hidden, title bar hidden
[2019.10.14-00.04.01:152][466]LogUObjectHash: Compacting FUObjectHashTables data took   2.08ms
[2019.10.14-00.04.01:284][473]LogPlayLevel: Display: Destroying online subsystem :Context_7
[2019.10.14-00.04.04:018][637]Cmd: SELECT NONE
[2019.10.14-00.04.15:157][217]LogSlate: FSceneViewport::OnFocusLost() reason 0
[2019.10.14-00.04.15:299][224]LogUObjectHash: Compacting FUObjectHashTables data took   0.94ms
[2019.10.14-00.04.15:364][224]LogSlate: Window 'Midstone - Unreal Editor' being destroyed
[2019.10.14-00.04.15:365][224]LogWindowsTextInputMethodSystem: Display: IME system now deactivated.
[2019.10.14-00.04.15:488][225]Cmd: QUIT_EDITOR
[2019.10.14-00.04.15:632][225]LogExit: Preparing to exit.
[2019.10.14-00.04.16:378][225]LogWorld: UWorld::CleanupWorld for World_0, bSessionEnded=true, bCleanupResources=true
[2019.10.14-00.04.16:378][225]LogWorld: UWorld::CleanupWorld for World_1, bSessionEnded=true, bCleanupResources=true
[2019.10.14-00.04.16:378][225]LogWorld: UWorld::CleanupWorld for World_2, bSessionEnded=true, bCleanupResources=true
[2019.10.14-00.04.16:378][225]LogWorld: UWorld::CleanupWorld for World_3, bSessionEnded=true, bCleanupResources=true
[2019.10.14-00.04.16:378][225]LogWorld: UWorld::CleanupWorld for World_4, bSessionEnded=true, bCleanupResources=true
[2019.10.14-00.04.16:379][225]LogWorld: UWorld::CleanupWorld for World_5, bSessionEnded=true, bCleanupResources=true
[2019.10.14-00.04.16:389][225]LogDemo: Cleaned up 0 splitscreen connections with owner deletion
[2019.10.14-00.04.16:398][225]LogWorld: UWorld::CleanupWorld for None, bSessionEnded=true, bCleanupResources=true
[2019.10.14-00.04.16:398][225]LogExit: Editor shut down
[2019.10.14-00.04.16:399][225]LogExit: Transaction tracking system shut down
[2019.10.14-00.04.16:628][225]LogExit: Object subsystem successfully closed.
[2019.10.14-00.04.16:651][225]LogShaderCompilers: Display: Shaders left to compile 0
[2019.10.14-00.04.16:679][225]LogModuleManager: Shutting down and abandoning module MovieSceneCapture (686)
[2019.10.14-00.04.16:679][225]LogModuleManager: Shutting down and abandoning module Voice (684)
[2019.10.14-00.04.16:679][225]LogModuleManager: Shutting down and abandoning module HierarchicalLODOutliner (682)
[2019.10.14-00.04.16:679][225]LogModuleManager: Shutting down and abandoning module SceneOutliner (680)
[2019.10.14-00.04.16:679][225]LogModuleManager: Shutting down and abandoning module AddContentDialog (678)
[2019.10.14-00.04.16:680][225]LogModuleManager: Shutting down and abandoning module WidgetCarousel (677)
[2019.10.14-00.04.16:680][225]LogModuleManager: Shutting down and abandoning module EditorWidgets (674)
[2019.10.14-00.04.16:680][225]LogModuleManager: Shutting down and abandoning module CollectionManager (672)
[2019.10.14-00.04.16:680][225]LogModuleManager: Shutting down and abandoning module StatsViewer (670)
[2019.10.14-00.04.16:680][225]LogModuleManager: Shutting down and abandoning module VirtualTexturingEditor (668)
[2019.10.14-00.04.16:680][225]LogModuleManager: Shutting down and abandoning module FoliageEdit (666)
[2019.10.14-00.04.16:680][225]LogModuleManager: Shutting down and abandoning module LandscapeEditor (664)
[2019.10.14-00.04.16:680][225]LogModuleManager: Shutting down and abandoning module MeshPaintMode (662)
[2019.10.14-00.04.16:680][225]LogModuleManager: Shutting down and abandoning module SceneDepthPickerMode (660)
[2019.10.14-00.04.16:680][225]LogModuleManager: Shutting down and abandoning module ActorPickerMode (658)
[2019.10.14-00.04.16:680][225]LogModuleManager: Shutting down and abandoning module GeometryMode (656)
[2019.10.14-00.04.16:680][225]LogModuleManager: Shutting down and abandoning module TextureAlignMode (654)
[2019.10.14-00.04.16:680][225]LogModuleManager: Shutting down and abandoning module BspMode (652)
[2019.10.14-00.04.16:680][225]LogModuleManager: Shutting down and abandoning module PIEPreviewDeviceProfileSelector (650)
[2019.10.14-00.04.16:680][225]LogModuleManager: Shutting down and abandoning module SequenceRecorderSections (648)
[2019.10.14-00.04.16:680][225]LogModuleManager: Shutting down and abandoning module AutomationWorker (646)
[2019.10.14-00.04.16:680][225]LogModuleManager: Shutting down and abandoning module OculusMR (644)
[2019.10.14-00.04.16:680][225]LogModuleManager: Shutting down and abandoning module AudioCaptureEditor (642)
[2019.10.14-00.04.16:680][225]LogModuleManager: Shutting down and abandoning module MatineeToLevelSequence (640)
[2019.10.14-00.04.16:680][225]LogModuleManager: Shutting down and abandoning module LevelSequenceEditor (638)
[2019.10.14-00.04.16:680][225]LogModuleManager: Shutting down and abandoning module PlacementMode (637)
[2019.10.14-00.04.16:680][225]LogModuleManager: Shutting down and abandoning module MaterialEditor (636)
[2019.10.14-00.04.16:680][225]LogModuleManager: Shutting down and abandoning module ActorSequenceEditor (632)
[2019.10.14-00.04.16:680][225]LogModuleManager: Shutting down and abandoning module WmfMediaFactory (630)
[2019.10.14-00.04.16:680][225]LogModuleManager: Shutting down and abandoning module WmfMediaEditor (628)
[2019.10.14-00.04.16:680][225]LogModuleManager: Shutting down and abandoning module WebMMediaFactory (626)
[2019.10.14-00.04.16:680][225]LogModuleManager: Shutting down and abandoning module WebMMediaEditor (624)
[2019.10.14-00.04.16:680][225]LogModuleManager: Shutting down and abandoning module WebMMedia (622)
[2019.10.14-00.04.16:680][225]LogModuleManager: Shutting down and abandoning module MediaPlayerEditor (620)
[2019.10.14-00.04.16:680][225]LogModuleManager: Shutting down and abandoning module MediaCompositingEditor (618)
[2019.10.14-00.04.16:680][225]LogModuleManager: Shutting down and abandoning module SequenceRecorder (617)
[2019.10.14-00.04.16:680][225]LogModuleManager: Shutting down and abandoning module OpenExrWrapper (614)
[2019.10.14-00.04.16:681][225]LogModuleManager: Shutting down and abandoning module ImgMediaFactory (612)
[2019.10.14-00.04.16:681][225]LogModuleManager: Shutting down and abandoning module ImgMediaEditor (610)
[2019.10.14-00.04.16:681][225]LogModuleManager: Shutting down and abandoning module AvfMediaFactory (608)
[2019.10.14-00.04.16:681][225]LogModuleManager: Shutting down and abandoning module AvfMediaEditor (606)
[2019.10.14-00.04.16:681][225]LogModuleManager: Shutting down and abandoning module AndroidMediaFactory (604)
[2019.10.14-00.04.16:681][225]LogModuleManager: Shutting down and abandoning module AndroidMediaEditor (602)
[2019.10.14-00.04.16:681][225]LogModuleManager: Shutting down and abandoning module MagicLeapCameraPreviewFactory (600)
[2019.10.14-00.04.16:681][225]LogModuleManager: Shutting down and abandoning module MagicLeapMediaCodecFactory (598)
[2019.10.14-00.04.16:681][225]LogModuleManager: Shutting down and abandoning module MagicLeapMediaFactory (596)
[2019.10.14-00.04.16:681][225]LogModuleManager: Shutting down and abandoning module MagicLeapMediaEditor (594)
[2019.10.14-00.04.16:681][225]LogModuleManager: Shutting down and abandoning module CharacterAI (592)
[2019.10.14-00.04.16:681][225]LogModuleManager: Shutting down and abandoning module SmartSnapping (590)
[2019.10.14-00.04.16:681][225]LogModuleManager: Shutting down and abandoning module SessionServices (588)
[2019.10.14-00.04.16:681][225]LogModuleManager: Shutting down and abandoning module MeshPaint (586)
[2019.10.14-00.04.16:681][225]LogModuleManager: Shutting down and abandoning module ViewportSnapping (584)
[2019.10.14-00.04.16:681][225]LogModuleManager: Shutting down and abandoning module ViewportInteraction (582)
[2019.10.14-00.04.16:681][225]LogModuleManager: Shutting down and abandoning module ClothPainter (580)
[2019.10.14-00.04.16:681][225]LogModuleManager: Shutting down and abandoning module SkeletalMeshEditor (579)
[2019.10.14-00.04.16:681][225]LogModuleManager: Shutting down and abandoning module LogVisualizer (576)
[2019.10.14-00.04.16:681][225]LogModuleManager: Shutting down and abandoning module IntroTutorials (574)
[2019.10.14-00.04.16:681][225]LogModuleManager: Shutting down and abandoning module GameProjectGeneration (573)
[2019.10.14-00.04.16:681][225]LogModuleManager: Shutting down and abandoning module LuminPlatformEditor (570)
[2019.10.14-00.04.16:681][225]LogModuleManager: Shutting down and abandoning module IOSPlatformEditor (568)
[2019.10.14-00.04.16:681][225]LogModuleManager: Shutting down and abandoning module HTML5PlatformEditor (566)
[2019.10.14-00.04.16:681][225]LogModuleManager: Shutting down and abandoning module AndroidPlatformEditor (564)
[2019.10.14-00.04.16:681][225]LogModuleManager: Shutting down and abandoning module AndroidDeviceDetection (563)
[2019.10.14-00.04.17:158][225]LogModuleManager: Shutting down and abandoning module WindowsPlatformEditor (560)
[2019.10.14-00.04.17:158][225]LogModuleManager: Shutting down and abandoning module LuminRuntimeSettings (558)
[2019.10.14-00.04.17:158][225]LogModuleManager: Shutting down and abandoning module IOSRuntimeSettings (556)
[2019.10.14-00.04.17:158][225]LogModuleManager: Shutting down and abandoning module AndroidRuntimeSettings (554)
[2019.10.14-00.04.17:158][225]LogModuleManager: Shutting down and abandoning module TimeManagementEditor (552)
[2019.10.14-00.04.17:158][225]LogModuleManager: Shutting down and abandoning module InputBindingEditor (550)
[2019.10.14-00.04.17:158][225]LogModuleManager: Shutting down and abandoning module MergeActors (548)
[2019.10.14-00.04.17:158][225]LogModuleManager: Shutting down and abandoning module LocalizationDashboard (546)
[2019.10.14-00.04.17:158][225]LogModuleManager: Shutting down and abandoning module LocalizationService (545)
[2019.10.14-00.04.17:158][225]LogModuleManager: Shutting down and abandoning module HardwareTargeting (542)
[2019.10.14-00.04.17:158][225]LogModuleManager: Shutting down and abandoning module DeviceProfileEditor (540)
[2019.10.14-00.04.17:158][225]LogModuleManager: Shutting down and abandoning module UndoHistory (538)
[2019.10.14-00.04.17:158][225]LogModuleManager: Shutting down and abandoning module XmlParser (536)
[2019.10.14-00.04.17:158][225]LogModuleManager: Shutting down and abandoning module Blutility (534)
[2019.10.14-00.04.17:158][225]LogModuleManager: Shutting down and abandoning module ProjectSettingsViewer (532)
[2019.10.14-00.04.17:158][225]LogModuleManager: Shutting down and abandoning module ProjectTargetPlatformEditor (531)
[2019.10.14-00.04.17:158][225]LogModuleManager: Shutting down and abandoning module EditorSettingsViewer (528)
[2019.10.14-00.04.17:159][225]LogModuleManager: Shutting down and abandoning module SettingsEditor (526)
[2019.10.14-00.04.17:159][225]LogModuleManager: Shutting down and abandoning module ProjectLauncher (524)
[2019.10.14-00.04.17:159][225]LogModuleManager: Shutting down and abandoning module SessionFrontend (522)
[2019.10.14-00.04.17:159][225]LogModuleManager: Shutting down and abandoning module ProfilerClient (520)
[2019.10.14-00.04.17:159][225]LogModuleManager: Shutting down and abandoning module DeviceManager (518)
[2019.10.14-00.04.17:159][225]LogModuleManager: Shutting down and abandoning module TargetDeviceServices (517)
[2019.10.14-00.04.17:214][225]LogModuleManager: Shutting down and abandoning module AutomationController (514)
[2019.10.14-00.04.17:214][225]LogModuleManager: Shutting down and abandoning module AutomationWindow (512)
[2019.10.14-00.04.17:214][225]LogModuleManager: Shutting down and abandoning module Layers (510)
[2019.10.14-00.04.17:214][225]LogModuleManager: Shutting down and abandoning module ComponentVisualizers (508)
[2019.10.14-00.04.17:214][225]LogModuleManager: Shutting down and abandoning module DetailCustomizations (506)
[2019.10.14-00.04.17:214][225]LogModuleManager: Shutting down and abandoning module PackagesDialog (504)
[2019.10.14-00.04.17:214][225]LogModuleManager: Shutting down and abandoning module AnimationBlueprintEditor (502)
[2019.10.14-00.04.17:214][225]LogModuleManager: Shutting down and abandoning module Persona (500)
[2019.10.14-00.04.17:214][225]LogModuleManager: Shutting down and abandoning module AdvancedPreviewScene (499)
[2019.10.14-00.04.17:214][225]LogModuleManager: Shutting down and abandoning module AnimGraph (497)
[2019.10.14-00.04.17:214][225]LogModuleManager: Shutting down and abandoning module Kismet (494)
[2019.10.14-00.04.17:215][225]LogModuleManager: Shutting down and abandoning module KismetWidgets (493)
[2019.10.14-00.04.17:215][225]LogModuleManager: Shutting down and abandoning module GraphEditor (490)
[2019.10.14-00.04.17:215][225]LogModuleManager: Shutting down and abandoning module StructViewer (488)
[2019.10.14-00.04.17:215][225]LogModuleManager: Shutting down and abandoning module ClassViewer (486)
[2019.10.14-00.04.17:215][225]LogModuleManager: Shutting down and abandoning module Toolbox (484)
[2019.10.14-00.04.17:215][225]LogModuleManager: Shutting down and abandoning module ModuleUI (482)
[2019.10.14-00.04.17:215][225]LogModuleManager: Shutting down and abandoning module MovieSceneTools (480)
[2019.10.14-00.04.17:215][225]LogModuleManager: Shutting down and abandoning module OutputLog (478)
[2019.10.14-00.04.17:215][225]LogModuleManager: Shutting down and abandoning module GammaUI (476)
[2019.10.14-00.04.17:215][225]LogModuleManager: Shutting down and abandoning module Documentation (474)
[2019.10.14-00.04.17:215][225]LogModuleManager: Shutting down and abandoning module LiveCoding (472)
[2019.10.14-00.04.17:215][225]LogModuleManager: Shutting down and abandoning module LevelSequence (470)
[2019.10.14-00.04.17:215][225]LogModuleManager: Shutting down and abandoning module MovieSceneTracks (468)
[2019.10.14-00.04.17:215][225]LogModuleManager: Shutting down and abandoning module MovieScene (466)
[2019.10.14-00.04.17:215][225]LogModuleManager: Shutting down and abandoning module StreamingPauseRendering (464)
[2019.10.14-00.04.17:215][225]LogModuleManager: Shutting down and abandoning module LauncherPlatform (462)
[2019.10.14-00.04.17:215][225]LogModuleManager: Shutting down and abandoning module AnalyticsET (460)
[2019.10.14-00.04.17:215][225]LogModuleManager: Shutting down and abandoning module PortalServices (458)
[2019.10.14-00.04.17:215][225]LogModuleManager: Shutting down and abandoning module PortalRpc (456)
[2019.10.14-00.04.17:216][225]LogModuleManager: Shutting down and abandoning module MessagingRpc (454)
[2019.10.14-00.04.17:216][225]LogModuleManager: Shutting down and abandoning module AIModule (452)
[2019.10.14-00.04.17:216][225]LogModuleManager: Shutting down and abandoning module GameplayDebugger (451)
[2019.10.14-00.04.17:216][225]LogModuleManager: Shutting down and abandoning module AITestSuite (449)
[2019.10.14-00.04.17:216][225]LogModuleManager: Shutting down and abandoning module NavigationSystem (447)
[2019.10.14-00.04.17:216][225]LogModuleManager: Shutting down and abandoning module DesktopPlatform (444)
[2019.10.14-00.04.17:216][225]LogModuleManager: Shutting down and abandoning module ImageWriteQueue (442)
[2019.10.14-00.04.17:219][225]LogModuleManager: Shutting down and abandoning module ProfilerService (440)
[2019.10.14-00.04.17:251][225]LogModuleManager: Shutting down and abandoning module TaskGraph (438)
[2019.10.14-00.04.17:251][225]LogModuleManager: Shutting down and abandoning module ScreenshotTools (436)
[2019.10.14-00.04.17:251][225]LogModuleManager: Shutting down and abandoning module SteamVRController (434)
[2019.10.14-00.04.17:251][225]LogModuleManager: Shutting down and abandoning module ProceduralMeshComponentEditor (432)
[2019.10.14-00.04.17:251][225]LogModuleManager: Shutting down and abandoning module ProceduralMeshComponent (430)
[2019.10.14-00.04.17:251][225]LogModuleManager: Shutting down and abandoning module OculusEditor (428)
[2019.10.14-00.04.17:251][225]LogModuleManager: Shutting down and abandoning module OculusInput (426)
[2019.10.14-00.04.17:251][225]LogModuleManager: Shutting down and abandoning module MobilePatchingUtils (424)
[2019.10.14-00.04.17:251][225]LogModuleManager: Shutting down and abandoning module EditableMesh (422)
[2019.10.14-00.04.17:251][225]LogModuleManager: Shutting down and abandoning module CustomMeshComponent (420)
[2019.10.14-00.04.17:251][225]LogModuleManager: Shutting down and abandoning module CableComponent (418)
[2019.10.14-00.04.17:251][225]LogModuleManager: Shutting down and abandoning module AudioCapture (416)
[2019.10.14-00.04.17:251][225]LogModuleManager: Shutting down and abandoning module ArchVisCharacter (414)
[2019.10.14-00.04.17:252][225]LogModuleManager: Shutting down and abandoning module AppleImageUtilsBlueprintSupport (412)
[2019.10.14-00.04.17:252][225]LogModuleManager: Shutting down and abandoning module AppleImageUtils (410)
[2019.10.14-00.04.17:252][225]LogModuleManager: Shutting down and abandoning module AndroidPermission (408)
[2019.10.14-00.04.17:252][225]LogModuleManager: Shutting down and abandoning module NUTUnrealEngine4 (406)
[2019.10.14-00.04.17:252][225]LogModuleManager: Shutting down and abandoning module NetcodeUnitTest (404)
[2019.10.14-00.04.17:252][225]LogModuleManager: Shutting down and abandoning module MediaCompositing (402)
[2019.10.14-00.04.17:252][225]LogModuleManager: Shutting down and abandoning module ImgMedia (400)
[2019.10.14-00.04.17:252][225]LogModuleManager: Shutting down and abandoning module MagicLeapHelperVulkan (398)
[2019.10.14-00.04.17:252][225]LogModuleManager: Shutting down and abandoning module MagicLeapHelperOpenGL (396)
[2019.10.14-00.04.17:252][225]LogModuleManager: Shutting down and abandoning module MagicLeapAudio (394)
[2019.10.14-00.04.17:252][225]LogModuleManager: Shutting down and abandoning module NiagaraEditorWidgets (392)
[2019.10.14-00.04.17:252][225]LogModuleManager: Shutting down and abandoning module HTML5Networking (390)
[2019.10.14-00.04.17:252][225]LogModuleManager: Shutting down and abandoning module GeometryCacheTracks (388)
[2019.10.14-00.04.17:252][225]LogModuleManager: Shutting down and abandoning module GeometryCacheSequencer (386)
[2019.10.14-00.04.17:252][225]LogModuleManager: Shutting down and abandoning module BackChannel (384)
[2019.10.14-00.04.17:252][225]LogModuleManager: Shutting down and abandoning module AutomationUtilsEditor (382)
[2019.10.14-00.04.17:252][225]LogModuleManager: Shutting down and abandoning module AutomationUtils (380)
[2019.10.14-00.04.17:252][225]LogModuleManager: Shutting down and abandoning module AlembicImporter (378)
[2019.10.14-00.04.17:252][225]LogModuleManager: Shutting down and abandoning module AlembicLibrary (377)
[2019.10.14-00.04.17:252][225]LogModuleManager: Shutting down and abandoning module GeometryCache (376)
[2019.10.14-00.04.17:252][225]LogModuleManager: Shutting down and abandoning module GeometryCacheEd (375)
[2019.10.14-00.04.17:253][225]LogModuleManager: Shutting down and abandoning module VariantManagerContent (370)
[2019.10.14-00.04.17:253][225]LogModuleManager: Shutting down and abandoning module DatasmithContentEditor (368)
[2019.10.14-00.04.17:253][225]LogModuleManager: Shutting down and abandoning module SpeedTreeImporter (366)
[2019.10.14-00.04.17:253][225]LogModuleManager: Shutting down and abandoning module PluginBrowser (364)
[2019.10.14-00.04.17:253][225]LogModuleManager: Shutting down and abandoning module MobileLauncherProfileWizard (362)
[2019.10.14-00.04.17:253][225]LogModuleManager: Shutting down and abandoning module MaterialAnalyzer (360)
[2019.10.14-00.04.17:253][225]LogModuleManager: Shutting down and abandoning module CurveEditorTools (358)
[2019.10.14-00.04.17:253][225]LogModuleManager: Shutting down and abandoning module CurveEditor (357)
[2019.10.14-00.04.17:253][225]LogModuleManager: Shutting down and abandoning module CryptoKeysOpenSSL (354)
[2019.10.14-00.04.17:253][225]LogModuleManager: Shutting down and abandoning module CryptoKeys (352)
[2019.10.14-00.04.17:253][225]LogModuleManager: Shutting down and abandoning module VisualStudioSourceCodeAccess (350)
[2019.10.14-00.04.17:253][225]LogModuleManager: Shutting down and abandoning module VisualStudioCodeSourceCodeAccess (348)
[2019.10.14-00.04.17:253][225]LogModuleManager: Shutting down and abandoning module UObjectPlugin (346)
[2019.10.14-00.04.17:253][225]LogModuleManager: Shutting down and abandoning module SubversionSourceControl (344)
[2019.10.14-00.04.17:253][225]LogModuleManager: Shutting down and abandoning module PerforceSourceControl (342)
[2019.10.14-00.04.17:253][225]LogModuleManager: Shutting down and abandoning module GitSourceControl (340)
[2019.10.14-00.04.17:253][225]LogModuleManager: Shutting down and abandoning module SourceControl (339)
[2019.10.14-00.04.17:253][225]LogModuleManager: Shutting down and abandoning module CLionSourceCodeAccess (336)
[2019.10.14-00.04.17:253][225]LogModuleManager: Shutting down and abandoning module AnimationSharingEd (334)
[2019.10.14-00.04.17:253][225]LogModuleManager: Shutting down and abandoning module ActorLayerUtilitiesEditor (332)
[2019.10.14-00.04.17:253][225]LogModuleManager: Shutting down and abandoning module ActorLayerUtilities (330)
[2019.10.14-00.04.17:253][225]LogModuleManager: Shutting down and abandoning module LightPropagationVolumeEditor (328)
[2019.10.14-00.04.17:253][225]LogModuleManager: Shutting down and abandoning module PaperTiledImporter (326)
[2019.10.14-00.04.17:253][225]LogModuleManager: Shutting down and abandoning module PaperSpriteSheetImporter (324)
[2019.10.14-00.04.17:253][225]LogModuleManager: Shutting down and abandoning module Paper2DEditor (322)
[2019.10.14-00.04.17:253][225]LogModuleManager: Shutting down and abandoning module SignificanceManager (320)
[2019.10.14-00.04.17:253][225]LogModuleManager: Shutting down and abandoning module RuntimePhysXCooking (318)
[2019.10.14-00.04.17:253][225]LogModuleManager: Shutting down and abandoning module PhysXVehiclesEditor (316)
[2019.10.14-00.04.17:253][225]LogModuleManager: Shutting down and abandoning module LocationServicesBPLibrary (312)
[2019.10.14-00.04.17:253][225]LogModuleManager: Shutting down and abandoning module ActorSequence (310)
[2019.10.14-00.04.17:253][225]LogModuleManager: Shutting down and abandoning module UdpMessaging (308)
[2019.10.14-00.04.17:354][225]LogModuleManager: Shutting down and abandoning module TcpMessaging (306)
[2019.10.14-00.04.17:455][225]LogModuleManager: Shutting down and abandoning module MagicLeapIdentity (304)
[2019.10.14-00.04.17:455][225]LogModuleManager: Shutting down and abandoning module MagicLeapSecureStorage (302)
[2019.10.14-00.04.17:455][225]LogModuleManager: Shutting down and abandoning module MagicLeapHandTracking (300)
[2019.10.14-00.04.17:455][225]LogModuleManager: Shutting down and abandoning module MagicLeapEyeTracker (298)
[2019.10.14-00.04.17:455][225]LogModuleManager: Shutting down and abandoning module MagicLeapController (296)
[2019.10.14-00.04.17:455][225]LogSlate: Slate User Destroyed.  User Index 0, Is Virtual User: 0
[2019.10.14-00.04.17:455][225]LogModuleManager: Shutting down and abandoning module MagicLeapAR (294)
[2019.10.14-00.04.17:455][225]LogModuleManager: Shutting down and abandoning module AugmentedReality (293)
[2019.10.14-00.04.17:455][225]LogModuleManager: Shutting down and abandoning module NiagaraEditor (290)
[2019.10.14-00.04.17:455][225]LogModuleManager: Shutting down and abandoning module NiagaraAnimNotifies (288)
[2019.10.14-00.04.17:455][225]LogModuleManager: Shutting down and abandoning module Niagara (286)
[2019.10.14-00.04.17:455][225]LogModuleManager: Shutting down and abandoning module NiagaraCore (284)
[2019.10.14-00.04.17:455][225]LogModuleManager: Shutting down and abandoning module GameplayTagsEditor (282)
[2019.10.14-00.04.17:455][225]LogModuleManager: Shutting down and abandoning module FacialAnimationEditor (280)
[2019.10.14-00.04.17:455][225]LogModuleManager: Shutting down and abandoning module FacialAnimation (278)
[2019.10.14-00.04.17:455][225]LogModuleManager: Shutting down and abandoning module DataValidation (276)
[2019.10.14-00.04.17:455][225]LogModuleManager: Shutting down and abandoning module AssetManagerEditor (274)
[2019.10.14-00.04.17:455][225]LogModuleManager: Shutting down and abandoning module LevelEditor (273)
[2019.10.14-00.04.17:456][225]LogModuleManager: Shutting down and abandoning module PixelInspectorModule (272)
[2019.10.14-00.04.17:456][225]LogModuleManager: Shutting down and abandoning module CommonMenuExtensions (270)
[2019.10.14-00.04.17:456][225]LogModuleManager: Shutting down and abandoning module MainFrame (268)
[2019.10.14-00.04.17:456][225]LogModuleManager: Shutting down and abandoning module HotReload (267)
[2019.10.14-00.04.17:456][225]LogModuleManager: Shutting down and abandoning module ContentBrowser (263)
[2019.10.14-00.04.17:457][225]LogModuleManager: Shutting down and abandoning module TreeMap (261)
[2019.10.14-00.04.17:457][225]LogModuleManager: Shutting down and abandoning module AnimationSharing (258)
[2019.10.14-00.04.17:457][225]LogModuleManager: Shutting down and abandoning module LightPropagationVolumeRuntime (256)
[2019.10.14-00.04.17:457][225]LogModuleManager: Shutting down and abandoning module Paper2D (254)
[2019.10.14-00.04.17:457][225]LogModuleManager: Shutting down and abandoning module WindowsMoviePlayer (252)
[2019.10.14-00.04.17:459][225]LogModuleManager: Shutting down and abandoning module WebMMoviePlayer (250)
[2019.10.14-00.04.17:459][225]LogModuleManager: Shutting down and abandoning module NetworkReplayStreaming (248)
[2019.10.14-00.04.17:459][225]LogModuleManager: Shutting down and abandoning module PacketHandler (246)
[2019.10.14-00.04.17:459][225]LogModuleManager: Shutting down and abandoning module ClothingSystemEditor (244)
[2019.10.14-00.04.17:459][225]LogModuleManager: Shutting down and abandoning module ClothingSystemRuntime (242)
[2019.10.14-00.04.17:459][225]LogModuleManager: Shutting down and abandoning module MediaAssets (240)
[2019.10.14-00.04.17:459][225]LogModuleManager: Shutting down and abandoning module Overlay (238)
[2019.10.14-00.04.17:459][225]LogModuleManager: Shutting down and abandoning module OverlayEditor (237)
[2019.10.14-00.04.17:459][225]LogModuleManager: Shutting down and abandoning module VREditor (234)
[2019.10.14-00.04.17:459][225]LogModuleManager: Shutting down and abandoning module StringTableEditor (232)
[2019.10.14-00.04.17:459][225]LogModuleManager: Shutting down and abandoning module GameplayTasksEditor (230)
[2019.10.14-00.04.17:459][225]LogModuleManager: Shutting down and abandoning module BehaviorTreeEditor (228)
[2019.10.14-00.04.17:459][225]LogModuleManager: Shutting down and abandoning module FunctionalTesting (226)
[2019.10.14-00.04.17:460][225]LogModuleManager: Shutting down and abandoning module CollisionAnalyzer (224)
[2019.10.14-00.04.17:460][225]LogModuleManager: Shutting down and abandoning module WorkspaceMenuStructure (223)
[2019.10.14-00.04.17:460][225]LogModuleManager: Shutting down and abandoning module UMG (220)
[2019.10.14-00.04.17:460][225]LogModuleManager: Shutting down and abandoning module UMGEditor (219)
[2019.10.14-00.04.17:460][225]LogModuleManager: Shutting down and abandoning module Sequencer (218)
[2019.10.14-00.04.17:460][225]LogModuleManager: Shutting down and abandoning module MessageLog (215)
[2019.10.14-00.04.17:460][225]LogModuleManager: Shutting down and abandoning module SlateReflector (210)
[2019.10.14-00.04.17:460][225]LogModuleManager: Shutting down and abandoning module Slate (208)
[2019.10.14-00.04.17:460][225]LogModuleManager: Shutting down and abandoning module LandscapeEditorUtilities (206)
[2019.10.14-00.04.17:460][225]LogModuleManager: Shutting down and abandoning module EditorStyle (204)
[2019.10.14-00.04.17:461][225]LogModuleManager: Shutting down and abandoning module UnrealEd (202)
[2019.10.14-00.04.17:461][225]LogModuleManager: Shutting down and abandoning module MRMesh (200)
[2019.10.14-00.04.17:461][225]LogModuleManager: Shutting down and abandoning module SourceCodeAccess (198)
[2019.10.14-00.04.17:461][225]LogModuleManager: Shutting down and abandoning module HeadMountedDisplay (196)
[2019.10.14-00.04.17:461][225]LogModuleManager: Shutting down and abandoning module XAudio2 (194)
[2019.10.14-00.04.17:461][225]LogModuleManager: Shutting down and abandoning module Networking (192)
[2019.10.14-00.04.17:461][225]LogModuleManager: Shutting down and abandoning module Core (190)
[2019.10.14-00.04.17:461][225]LogModuleManager: Shutting down and abandoning module KismetCompiler (188)
[2019.10.14-00.04.17:461][225]LogModuleManager: Shutting down and abandoning module MeshUtilities (186)
[2019.10.14-00.04.17:461][225]LogModuleManager: Shutting down and abandoning module MeshMergeUtilities (185)
[2019.10.14-00.04.17:461][225]LogModuleManager: Shutting down and abandoning module MeshReductionInterface (184)
[2019.10.14-00.04.17:461][225]LogModuleManager: Shutting down and abandoning module SkeletalMeshReduction (183)
[2019.10.14-00.04.17:461][225]LogModuleManager: Shutting down and abandoning module ProxyLODMeshReduction (181)
[2019.10.14-00.04.17:461][225]LogModuleManager: Shutting down and abandoning module QuadricMeshReduction (179)
[2019.10.14-00.04.17:461][225]LogModuleManager: Shutting down and abandoning module MaterialBaking (175)
[2019.10.14-00.04.17:461][225]LogModuleManager: Shutting down and abandoning module NullInstallBundleManager (170)
[2019.10.14-00.04.17:461][225]LogModuleManager: Shutting down and abandoning module DerivedDataCache (168)
[2019.10.14-00.04.17:514][225]LogDerivedDataCache: Shutdown
[2019.10.14-00.04.17:514][225]LogModuleManager: Shutting down and abandoning module XGEController (166)
[2019.10.14-00.04.17:514][225]LogModuleManager: Shutting down and abandoning module TargetPlatform (164)
[2019.10.14-00.04.17:514][225]LogModuleManager: Shutting down and abandoning module VulkanShaderFormat (163)
[2019.10.14-00.04.17:514][225]LogModuleManager: Shutting down and abandoning module ShaderFormatVectorVM (161)
[2019.10.14-00.04.17:514][225]LogModuleManager: Shutting down and abandoning module ShaderFormatOpenGL (159)
[2019.10.14-00.04.17:514][225]LogModuleManager: Shutting down and abandoning module ShaderFormatD3D (157)
[2019.10.14-00.04.17:514][225]LogModuleManager: Shutting down and abandoning module MetalShaderFormat (155)
[2019.10.14-00.04.17:514][225]LogModuleManager: Shutting down and abandoning module TextureFormatUncompressed (153)
[2019.10.14-00.04.17:514][225]LogModuleManager: Shutting down and abandoning module TextureFormatPVR (151)
[2019.10.14-00.04.17:514][225]LogModuleManager: Shutting down and abandoning module TextureFormatDXT (149)
[2019.10.14-00.04.17:515][225]LogModuleManager: Shutting down and abandoning module TextureFormatIntelISPCTexComp (147)
[2019.10.14-00.04.17:515][225]LogModuleManager: Shutting down and abandoning module TextureFormatASTC (145)
[2019.10.14-00.04.17:515][225]LogModuleManager: Shutting down and abandoning module ImageWrapper (144)
[2019.10.14-00.04.17:515][225]LogModuleManager: Shutting down and abandoning module TextureFormatAndroid (141)
[2019.10.14-00.04.17:515][225]LogModuleManager: Shutting down and abandoning module AudioFormatOpus (139)
[2019.10.14-00.04.17:515][225]LogModuleManager: Shutting down and abandoning module AudioFormatOgg (137)
[2019.10.14-00.04.17:515][225]LogModuleManager: Shutting down and abandoning module AudioFormatADPCM (135)
[2019.10.14-00.04.17:515][225]LogModuleManager: Shutting down and abandoning module LuminTargetPlatform (133)
[2019.10.14-00.04.17:515][225]LogModuleManager: Shutting down and abandoning module LinuxTargetPlatform (131)
[2019.10.14-00.04.17:515][225]LogModuleManager: Shutting down and abandoning module LinuxServerTargetPlatform (129)
[2019.10.14-00.04.17:515][225]LogModuleManager: Shutting down and abandoning module LinuxNoEditorTargetPlatform (127)
[2019.10.14-00.04.17:515][225]LogModuleManager: Shutting down and abandoning module LinuxClientTargetPlatform (125)
[2019.10.14-00.04.17:516][225]LogModuleManager: Shutting down and abandoning module TVOSTargetPlatform (123)
[2019.10.14-00.04.17:516][225]LogModuleManager: Shutting down and abandoning module Messaging (121)
[2019.10.14-00.04.17:516][225]LogModuleManager: Shutting down and abandoning module IOSTargetPlatform (119)
[2019.10.14-00.04.17:517][225]LogModuleManager: Shutting down and abandoning module HTML5TargetPlatform (117)
[2019.10.14-00.04.17:517][225]LogModuleManager: Shutting down and abandoning module AndroidTargetPlatform (115)
[2019.10.14-00.04.17:522][225]LogModuleManager: Shutting down and abandoning module WindowsTargetPlatform (113)
[2019.10.14-00.04.17:522][225]LogModuleManager: Shutting down and abandoning module WindowsServerTargetPlatform (111)
[2019.10.14-00.04.17:522][225]LogModuleManager: Shutting down and abandoning module WindowsNoEditorTargetPlatform (109)
[2019.10.14-00.04.17:522][225]LogModuleManager: Shutting down and abandoning module WindowsClientTargetPlatform (107)
[2019.10.14-00.04.17:522][225]LogModuleManager: Shutting down and abandoning module MacTargetPlatform (105)
[2019.10.14-00.04.17:522][225]LogModuleManager: Shutting down and abandoning module MacServerTargetPlatform (103)
[2019.10.14-00.04.17:522][225]LogModuleManager: Shutting down and abandoning module MacNoEditorTargetPlatform (101)
[2019.10.14-00.04.17:522][225]LogModuleManager: Shutting down and abandoning module MacClientTargetPlatform (99)
[2019.10.14-00.04.17:522][225]LogModuleManager: Shutting down and abandoning module AllDesktopTargetPlatform (97)
[2019.10.14-00.04.17:522][225]LogModuleManager: Shutting down and abandoning module InputCore (94)
[2019.10.14-00.04.17:522][225]LogModuleManager: Shutting down and abandoning module Settings (92)
[2019.10.14-00.04.17:522][225]LogModuleManager: Shutting down and abandoning module DirectoryWatcher (90)
[2019.10.14-00.04.17:522][225]LogModuleManager: Shutting down and abandoning module PhysXCooking (88)
[2019.10.14-00.04.17:522][225]LogModuleManager: Shutting down and abandoning module WindowsPlatformFeatures (86)
[2019.10.14-00.04.17:522][225]LogModuleManager: Shutting down and abandoning module GameplayMediaEncoder (85)
[2019.10.14-00.04.17:522][225]LogModuleManager: Shutting down and abandoning module SteamVR (82)
[2019.10.14-00.04.17:522][225]LogHMD: Freeing OpenVRDLLHandle.
[2019.10.14-00.04.17:522][225]LogModuleManager: Shutting down and abandoning module OculusHMD (80)
[2019.10.14-00.04.17:522][225]LogModuleManager: Shutting down and abandoning module ExampleDeviceProfileSelector (78)
[2019.10.14-00.04.17:522][225]LogModuleManager: Shutting down and abandoning module LauncherChunkInstaller (76)
[2019.10.14-00.04.17:522][225]LogModuleManager: Shutting down and abandoning module OnlineBlueprintSupport (74)
[2019.10.14-00.04.17:522][225]LogModuleManager: Shutting down and abandoning module OnlineSubsystem (70)
[2019.10.14-00.04.17:523][225]LogModuleManager: Shutting down and abandoning module XMPP (65)
[2019.10.14-00.04.17:523][225]LogModuleManager: Shutting down and abandoning module WebSockets (64)
[2019.10.14-00.04.17:540][225]LogModuleManager: Shutting down and abandoning module HTTP (61)
[2019.10.14-00.04.17:540][225]LogHttp: Display: Http module shutting down, but needs to wait on 1 outstanding Http requests:
[2019.10.14-00.04.17:540][225]LogHttp: Display: 	verb=[POST] url=[https://datarouter.ol.epicgames.com/datarouter/api/v1/public/data?SessionID=%7B425480EA-4401-1C86-2503-98A837264A95%7D&AppID=UEEditor.Rocket.Release&AppVersion=4.23.0-8386587%2B%2B%2BUE4%2BRelease-4.23&UserID=aa9b1c4044d0a333448bf7b7cf4c65da%7Cffbd1d302be94469aa72c29a09ea8a3b%7Cbbbe4277-8f22-4c85-b37c-71f6b1e204c8&AppEnvironment=datacollector-binary&UploadType=eteventstream] status=Processing
[2019.10.14-00.04.17:547][225]LogModuleManager: Shutting down and abandoning module SSL (60)
[2019.10.14-00.04.17:548][225]LogModuleManager: Shutting down and abandoning module WmfMedia (56)
[2019.10.14-00.04.17:550][225]LogModuleManager: Shutting down and abandoning module Media (55)
[2019.10.14-00.04.17:550][225]LogModuleManager: Shutting down and abandoning module MagicLeap (52)
[2019.10.14-00.04.17:550][225]LogModuleManager: Shutting down and abandoning module NiagaraVertexFactories (50)
[2019.10.14-00.04.17:550][225]LogModuleManager: Shutting down and abandoning module NiagaraShader (48)
[2019.10.14-00.04.17:550][225]LogModuleManager: Shutting down and abandoning module DatasmithContent (46)
[2019.10.14-00.04.17:551][225]LogModuleManager: Shutting down and abandoning module AISupportModule (44)
[2019.10.14-00.04.17:551][225]LogModuleManager: Shutting down and abandoning module PlatformCryptoOpenSSL (42)
[2019.10.14-00.04.17:551][225]LogModuleManager: Shutting down and abandoning module PlatformCrypto (40)
[2019.10.14-00.04.17:551][225]LogModuleManager: Shutting down and abandoning module AnimationModifiers (38)
[2019.10.14-00.04.17:551][225]LogModuleManager: Shutting down and abandoning module PropertyEditor (37)
[2019.10.14-00.04.17:551][225]LogModuleManager: Shutting down and abandoning module AudioEditor (34)
[2019.10.14-00.04.17:551][225]LogModuleManager: Shutting down and abandoning module TextureCompressor (32)
[2019.10.14-00.04.17:551][225]LogModuleManager: Shutting down and abandoning module RenderCore (30)
[2019.10.14-00.04.17:551][225]LogModuleManager: Shutting down and abandoning module Landscape (28)
[2019.10.14-00.04.17:551][225]LogModuleManager: Shutting down and abandoning module SlateRHIRenderer (26)
[2019.10.14-00.04.17:552][225]LogModuleManager: Shutting down and abandoning module OpenGLDrv (24)
[2019.10.14-00.04.17:552][225]LogModuleManager: Shutting down and abandoning module D3D11RHI (22)
[2019.10.14-00.04.17:552][225]LogModuleManager: Shutting down and abandoning module AnimGraphRuntime (20)
[2019.10.14-00.04.17:552][225]LogModuleManager: Shutting down and abandoning module Renderer (18)
[2019.10.14-00.04.17:552][225]LogModuleManager: Shutting down and abandoning module Engine (16)
[2019.10.14-00.04.17:552][225]LogModuleManager: Shutting down and abandoning module CoreUObject (14)
[2019.10.14-00.04.17:552][225]LogModuleManager: Shutting down and abandoning module NetworkFile (12)
[2019.10.14-00.04.17:552][225]LogModuleManager: Shutting down and abandoning module CookedIterativeFile (10)
[2019.10.14-00.04.17:552][225]LogModuleManager: Shutting down and abandoning module StreamingFile (8)
[2019.10.14-00.04.17:552][225]LogModuleManager: Shutting down and abandoning module SandboxFile (6)
[2019.10.14-00.04.17:552][225]LogModuleManager: Shutting down and abandoning module PakFile (4)
[2019.10.14-00.04.17:552][225]LogModuleManager: Shutting down and abandoning module RSA (3)
[2019.10.14-00.04.17:553][225]LogD3D11RHI: Shutdown
[2019.10.14-00.04.17:553][225]LogD3D11RHI: CleanupD3DDevice
[2019.10.14-00.04.17:553][225]LogRendererCore: FGlobalDynamicReadBuffer::Cleanup()
[2019.10.14-00.04.17:553][225]LogRendererCore: FGlobalDynamicReadBuffer::Cleanup()
[2019.10.14-00.04.17:553][225]LogRendererCore: FGlobalDynamicReadBuffer::Cleanup()
[2019.10.14-00.04.17:649][225]LogD3D11RHI: ~FD3D11DynamicRHI
[2019.10.14-00.04.17:658][225]LogExit: Exiting.
[2019.10.14-00.04.18:780][225]Log file closed, 10/13/19 20:04:18
